<?xml version="1.0" encoding="UTF-8" standalone="no"?>
<fileLog>
<createdFiles>
<entry name="jre\bin\sunec.dll" shared="false" uninstallMode="3"/>
<entry name="javadoc\com\qoppa\pdf\permissions\PasswordPermissions.html" shared="false" uninstallMode="0"/>
<entry name="jre\bin\j2pcsc.dll" shared="false" uninstallMode="3"/>
<entry name="javadoc\com\qoppa\pdfProcess\package-frame.html" shared="false" uninstallMode="0"/>
<entry name="javadoc\changes\classes_index_changes.html" shared="false" uninstallMode="0"/>
<entry name="jre\lib\deploy\splash_11@2x-lic.gif" shared="false" uninstallMode="3"/>
<entry name="jPDFProcessSamples\SimplePrint.java" shared="false" uninstallMode="0"/>
<entry name="jre\lib\currency.data" shared="false" uninstallMode="3"/>
<entry name="javadoc\changes\jdiff_statistics.html" shared="false" uninstallMode="0"/>
<entry name="jre\lib\tzmappings" shared="false" uninstallMode="3"/>
<entry name="javadoc\com\qoppa\pdf\source\package-use.html" shared="false" uninstallMode="0"/>
<entry name="jPDFFieldsSamples\FlattenFields.java" shared="false" uninstallMode="0"/>
<entry name="jPDFFieldsSamples\PDFFieldsCLI.java" shared="false" uninstallMode="0"/>
<entry name="javadoc\changes\com.qoppa.pdf.resources.IFontResource.html" shared="false" uninstallMode="0"/>
<entry name="jre\bin\npt.dll" shared="false" uninstallMode="3"/>
<entry name="javadoc\com\qoppa\pdf\annotations\FreeText.html" shared="false" uninstallMode="0"/>
<entry name="jPDFPrintSamples\PrintToFile.java" shared="false" uninstallMode="0"/>
<entry name="jre\bin\javaw.exe" shared="false" uninstallMode="3"/>
<entry name="jre\lib\images\cursors\win32_MoveNoDrop32x32.gif" shared="false" uninstallMode="3"/>
<entry name="jre\lib\fonts\LucidaSansRegular.ttf" shared="false" uninstallMode="3"/>
<entry name="jre\bin\jp2launcher.exe" shared="false" uninstallMode="3"/>
<entry name="jre\README.txt" shared="false" uninstallMode="3"/>
<entry name="jPDFProcessSamples\cli\PDFFunction_RemovePage.java" shared="false" uninstallMode="0"/>
<entry name=".install4j\install.prop" shared="false" uninstallMode="0"/>
<entry name="javadoc\changes\fields_index_changes.html" shared="false" uninstallMode="0"/>
<entry name="jre\bin\jp2native.dll" shared="false" uninstallMode="3"/>
<entry name="lib\rhino_license.txt" shared="false" uninstallMode="0"/>
<entry name="jre\bin\jsdt.dll" shared="false" uninstallMode="3"/>
<entry name="javadoc\changes\methods_index_removals.html" shared="false" uninstallMode="0"/>
<entry name="javadoc\com\qoppa\pdf\form\class-use\CheckBoxField.html" shared="false" uninstallMode="0"/>
<entry name="jPDFPrintSamples\PDFPrintSample.java" shared="false" uninstallMode="0"/>
<entry name="javadoc\com\qoppa\pdf\PrintListener.html" shared="false" uninstallMode="0"/>
<entry name="javadoc\index-files\index-16.html" shared="false" uninstallMode="0"/>
<entry name="javadoc\com\qoppa\pdfPrint\package-use.html" shared="false" uninstallMode="0"/>
<entry name=".install4j\installation.log" shared="false" uninstallMode="0"/>
<entry name="javadoc\com\qoppa\pdf\Bookmark.html" shared="false" uninstallMode="0"/>
<entry name="jre\bin\jpeg.dll" shared="false" uninstallMode="3"/>
<entry name="jre\lib\cmm\LINEAR_RGB.pf" shared="false" uninstallMode="3"/>
<entry name="javadoc\com\qoppa\pdf\permissions\Restrictions.html" shared="false" uninstallMode="0"/>
<entry name="javadoc\com\qoppa\pdf\permissions\class-use\IPDFPermissions.html" shared="false" uninstallMode="0"/>
<entry name="jre\lib\security\blacklist" shared="false" uninstallMode="3"/>
<entry name="javadoc\com\qoppa\pdf\annotations\class-use\WidgetCombo.html" shared="false" uninstallMode="0"/>
<entry name="javadoc\com\qoppa\pdf\annotations\class-use\GestureList.html" shared="false" uninstallMode="0"/>
<entry name="javadoc\com\qoppa\pdf\annotations\class-use\WidgetSignatureComponent.html" shared="false" uninstallMode="0"/>
<entry name="lib\ppsamples.jar" shared="false" uninstallMode="0"/>
<entry name="javadoc\com\qoppa\pdf\annotations\WidgetPushButton.html" shared="false" uninstallMode="0"/>
<entry name="jre\lib\content-types.properties" shared="false" uninstallMode="3"/>
<entry name="jPDFImagesSamples\PDFImagesServlet.java" shared="false" uninstallMode="0"/>
<entry name="jPDFProcessSamples\SimpleMerge.java" shared="false" uninstallMode="0"/>
<entry name="jPDFPrintSamples\ListPrinters.java" shared="false" uninstallMode="0"/>
<entry name="javadoc\index-files\index-9.html" shared="false" uninstallMode="0"/>
<entry name="javadoc\com\qoppa\pdfAssemble\class-use\PDFAssemble.KeyInfoAssemble.html" shared="false" uninstallMode="0"/>
<entry name="javadoc\changes\com.qoppa.pdf.annotations.IAnnotationFactory.html" shared="false" uninstallMode="0"/>
<entry name="jre\lib\deploy\messages_fr.properties" shared="false" uninstallMode="3"/>
<entry name="jre\lib\psfont.properties.ja" shared="false" uninstallMode="3"/>
<entry name="jre\bin\server\Xusage.txt" shared="false" uninstallMode="3"/>
<entry name="javadoc\changes\jdiff_help.html" shared="false" uninstallMode="0"/>
<entry name="jPDFProcessSamples\ExportFields.java" shared="false" uninstallMode="0"/>
<entry name="javadoc\com\qoppa\pdf\annotations\class-use\WidgetSignature.html" shared="false" uninstallMode="0"/>
<entry name="jre\bin\java-rmi.exe" shared="false" uninstallMode="3"/>
<entry name="jPDFProcessSamples\ant\anttest.xml" shared="false" uninstallMode="0"/>
<entry name="javadoc\com\qoppa\pdf\TextToPDFSettings.html" shared="false" uninstallMode="0"/>
<entry name="jre\bin\decora_sse.dll" shared="false" uninstallMode="3"/>
<entry name="jPDFFieldsSamples\jPDFFields32.png" shared="false" uninstallMode="0"/>
<entry name="javadoc\com\qoppa\pdf\annotations\Annotation.html" shared="false" uninstallMode="0"/>
<entry name="jPDFProcessSamples\MergeDialogController.java" shared="false" uninstallMode="0"/>
<entry name="jre\bin\jfxwebkit.dll" shared="false" uninstallMode="3"/>
<entry name="jre\bin\jfr.dll" shared="false" uninstallMode="3"/>
<entry name="jre\lib\ext\sunpkcs11.jar" shared="false" uninstallMode="3"/>
<entry name="jPDFProcessSamples\ScalePDFPages.java" shared="false" uninstallMode="0"/>
<entry name=".install4j\user.jar" shared="false" uninstallMode="2"/>
<entry name="jre\lib\i386\client\classes.jsa" shared="false" uninstallMode="0"/>
<entry name="jre\lib\amd64\jvm.cfg" shared="false" uninstallMode="3"/>
<entry name="jre\lib\fonts\LucidaSansDemiBold.ttf" shared="false" uninstallMode="3"/>
<entry name="jPDFImagesSamples\PDFToTIFF.java" shared="false" uninstallMode="0"/>
<entry name="javadoc\com\qoppa\pdf\actions\class-use\SetOCGState.Sequence.html" shared="false" uninstallMode="0"/>
<entry name="jre\bin\management.dll" shared="false" uninstallMode="3"/>
<entry name="javadoc\com\qoppa\pdf\annotations\ThreeDimensional.html" shared="false" uninstallMode="0"/>
<entry name="javadoc\com\qoppa\pdf\resources\class-use\IFontResource.html" shared="false" uninstallMode="0"/>
<entry name="javadoc\changes\pkg_com.qoppa.pdf.resources.html" shared="false" uninstallMode="0"/>
<entry name="jre\lib\management\jmxremote.password.template" shared="false" uninstallMode="3"/>
<entry name="jre\lib\deploy.jar" shared="false" uninstallMode="3"/>
<entry name="javadoc\help-doc.html" shared="false" uninstallMode="0"/>
<entry name="jPDFProcessSamples\J2EEPDFFilter.java" shared="false" uninstallMode="0"/>
<entry name="jPDFImagesSamples\Watermark.java" shared="false" uninstallMode="0"/>
<entry name="jre\lib\ext\sunec.jar" shared="false" uninstallMode="3"/>
<entry name="jre\lib\ext\zipfs.jar" shared="false" uninstallMode="3"/>
<entry name="javadoc\index-files\index-4.html" shared="false" uninstallMode="0"/>
<entry name="jPDFTextSamples\PDFTextApplet.java" shared="false" uninstallMode="0"/>
<entry name="javadoc\com\qoppa\pdf\form\FieldListener.html" shared="false" uninstallMode="0"/>
<entry name="jre\bin\javacpl.exe" shared="false" uninstallMode="3"/>
<entry name="javadoc\com\qoppa\pdf\PDFSecurityException.html" shared="false" uninstallMode="0"/>
<entry name="javadoc\com\qoppa\pdf\annotations\class-use\WidgetText.html" shared="false" uninstallMode="0"/>
<entry name="javadoc\com\qoppa\pdfProcess\PDFDocument.html" shared="false" uninstallMode="0"/>
<entry name="javadoc\com\qoppa\pdf\annotations\class-use\Link.html" shared="false" uninstallMode="0"/>
<entry name="jre\bin\kinit.exe" shared="false" uninstallMode="3"/>
<entry name="javadoc\com\qoppa\pdf\annotations\class-use\Circle.html" shared="false" uninstallMode="0"/>
<entry name="javadoc\com\qoppa\pdf\annotations\package-tree.html" shared="false" uninstallMode="0"/>
<entry name="javadoc\com\qoppa\pdf\class-use\JavaScriptSettings.html" shared="false" uninstallMode="0"/>
<entry name="javadoc\com\qoppa\pdf\IDocumentListener.html" shared="false" uninstallMode="0"/>
<entry name="jPDFPrintSamples\Watermark.java" shared="false" uninstallMode="0"/>
<entry name="javadoc\com\qoppa\pdf\annotations\class-use\Widget.html" shared="false" uninstallMode="0"/>
<entry name="javadoc\com\qoppa\pdf\class-use\PasswordDialog.html" shared="false" uninstallMode="0"/>
<entry name="javadoc\com\qoppa\pdf\actions\package-frame.html" shared="false" uninstallMode="0"/>
<entry name="javadoc\index-files\index-2.html" shared="false" uninstallMode="0"/>
<entry name="javadoc\changes\pkg_com.qoppa.pdf.settings.html" shared="false" uninstallMode="0"/>
<entry name="jPDFImagesSamples\TIFFToPDF.java" shared="false" uninstallMode="0"/>
<entry name="jPDFSecureSamples\SignDocument.java" shared="false" uninstallMode="0"/>
<entry name="C:\ProgramData\Microsoft\Windows\Start Menu\Programs\jPDFProcess\jPDFProcess Sample.lnk" shared="false" uninstallMode="2"/>
<entry name="javadoc\com\qoppa\pdf\annotations\class-use\WidgetRadioButton.html" shared="false" uninstallMode="0"/>
<entry name="javadoc\index-files\index-24.html" shared="false" uninstallMode="0"/>
<entry name="javadoc\com\qoppa\pdf\SigningInformation.html" shared="false" uninstallMode="0"/>
<entry name="jPDFProcessSamples\ServletSample.java" shared="false" uninstallMode="0"/>
<entry name="javadoc\com\qoppa\pdf\annotations\class-use\ShapeAnnotation.html" shared="false" uninstallMode="0"/>
<entry name="jre\bin\javacpl.cpl" shared="false" uninstallMode="3"/>
<entry name="jre\bin\jaas_nt.dll" shared="false" uninstallMode="3"/>
<entry name="jPDFAssembleSamples\InputDialog.java" shared="false" uninstallMode="0"/>
<entry name="javadoc\com\qoppa\pdf\DocumentInfo.html" shared="false" uninstallMode="0"/>
<entry name="javadoc\com\qoppa\pdfSecure\class-use\PDFSecure.KeyInfoSecure.html" shared="false" uninstallMode="0"/>
<entry name="javadoc\index-files\index-14.html" shared="false" uninstallMode="0"/>
<entry name="jre\bin\client\classes.jsa" shared="false" uninstallMode="0"/>
<entry name="jre\lib\javafx.properties" shared="false" uninstallMode="3"/>
<entry name="jre\lib\security\local_policy.jar" shared="false" uninstallMode="3"/>
<entry name="jre\bin\orbd.exe" shared="false" uninstallMode="3"/>
<entry name="jre\lib\accessibility.properties" shared="false" uninstallMode="3"/>
<entry name=".install4j\stats.properties" shared="false" uninstallMode="2"/>
<entry name="javadoc\com\qoppa\pdf\actions\class-use\NamedAction.html" shared="false" uninstallMode="0"/>
<entry name="javadoc\overview-tree.html" shared="false" uninstallMode="0"/>
<entry name="javadoc\com\qoppa\pdf\annotations\Link.html" shared="false" uninstallMode="0"/>
<entry name="jPDFFieldsSamples\SetFieldValues.java" shared="false" uninstallMode="0"/>
<entry name="javadoc\com\qoppa\pdf\form\package-summary.html" shared="false" uninstallMode="0"/>
<entry name="javadoc\com\qoppa\pdf\annotations\class-use\Text.html" shared="false" uninstallMode="0"/>
<entry name="jre\bin\deploy.dll" shared="false" uninstallMode="3"/>
<entry name="javadoc\com\qoppa\pdf\class-use\PageLabels.html" shared="false" uninstallMode="0"/>
<entry name="jre\lib\rt.jar" shared="false" uninstallMode="3"/>
<entry name="jPDFProcessSamples\cli\PDFFunction_InsertFile.java" shared="false" uninstallMode="0"/>
<entry name="jre\lib\cmm\PYCC.pf" shared="false" uninstallMode="3"/>
<entry name="javadoc\com\qoppa\pdf\resources\class-use\IResourceManager.html" shared="false" uninstallMode="0"/>
<entry name="javadoc\changes\com.qoppa.pdf.errors.PDFErrorHandling.html" shared="false" uninstallMode="0"/>
<entry name="javadoc\com\qoppa\pdf\annotations\FileAttachment.html" shared="false" uninstallMode="0"/>
<entry name="jPDFProcessSamples\InputDialog.java" shared="false" uninstallMode="0"/>
<entry name="javadoc\changes\methods_index_all.html" shared="false" uninstallMode="0"/>
<entry name="jre\bin\hprof.dll" shared="false" uninstallMode="3"/>
<entry name="javadoc\com\qoppa\pdfAssemble\package-use.html" shared="false" uninstallMode="0"/>
<entry name="javadoc\com\qoppa\pdf\actions\class-use\TriggerActions.html" shared="false" uninstallMode="0"/>
<entry name="jPDFPrintSamples\SetMediaTray.java" shared="false" uninstallMode="0"/>
<entry name="javadoc\com\qoppa\pdf\source\class-use\FilePDFSource.html" shared="false" uninstallMode="0"/>
<entry name="javadoc\index-files\index-23.html" shared="false" uninstallMode="0"/>
<entry name="javadoc\com\qoppa\pdf\annotations\class-use\Line.html" shared="false" uninstallMode="0"/>
<entry name="javadoc\com\qoppa\pdf\IWindowHandler.html" shared="false" uninstallMode="0"/>
<entry name="javadoc\com\qoppa\pdf\form\RadioButtonGroupField.html" shared="false" uninstallMode="0"/>
<entry name="jPDFProcessSamples\AddImageLogo.java" shared="false" uninstallMode="0"/>
<entry name="jPDFProcessSamples\MergeDialog.java" shared="false" uninstallMode="0"/>
<entry name="jre\bin\j2pkcs11.dll" shared="false" uninstallMode="3"/>
<entry name="jPDFProcessSamples\cli\PDFFunction_ExtractPage.java" shared="false" uninstallMode="0"/>
<entry name="javadoc\com\qoppa\pdfImages\PDFImages.KeyInfoImages.html" shared="false" uninstallMode="0"/>
<entry name="javadoc\resources\titlebar_end.gif" shared="false" uninstallMode="0"/>
<entry name="jPDFProcessSamples\SearchAndHighlightText.java" shared="false" uninstallMode="0"/>
<entry name="javadoc\com\qoppa\pdf\DocumentViewPrefs.html" shared="false" uninstallMode="0"/>
<entry name="lib\bcprov-jdk14-154.jar" shared="false" uninstallMode="0"/>
<entry name="javadoc\com\qoppa\pdf\source\ByteArrayPDFSource.html" shared="false" uninstallMode="0"/>
<entry name="javadoc\com\qoppa\pdf\class-use\DocumentInfo.html" shared="false" uninstallMode="0"/>
<entry name="javadoc\com\qoppa\pdf\class-use\PDFPermissionException.html" shared="false" uninstallMode="0"/>
<entry name="javadoc\com\qoppa\pdf\form\PushButtonField.html" shared="false" uninstallMode="0"/>
<entry name="javadoc\com\qoppa\pdf\annotations\class-use\IAnnotSelectionListener.html" shared="false" uninstallMode="0"/>
<entry name="jPDFProcessSamples\jPDFProcess32.png" shared="false" uninstallMode="0"/>
<entry name="jPDFTextSamples\GetWordsAndPositions.java" shared="false" uninstallMode="0"/>
<entry name="javadoc\com\qoppa\pdfImages\PDFImages.html" shared="false" uninstallMode="0"/>
<entry name="jPDFSecureSamples\PDFSecureCLI.java" shared="false" uninstallMode="0"/>
<entry name="jPDFProcessSamples\SimpleSplit.java" shared="false" uninstallMode="0"/>
<entry name="jPDFProcessSamples\Imposition.java" shared="false" uninstallMode="0"/>
<entry name="javadoc\com\qoppa\pdf\annotations\class-use\Callout.html" shared="false" uninstallMode="0"/>
<entry name="javadoc\com\qoppa\pdf\class-use\JavaScriptEnabler.html" shared="false" uninstallMode="0"/>
<entry name="lib\cmaps.jar" shared="false" uninstallMode="0"/>
<entry name="C:\Users\Public\Desktop\jPDFProcess Sample.lnk" shared="false" uninstallMode="2"/>
<entry name="jPDFSecureSamples\PDFFileFilter.java" shared="false" uninstallMode="0"/>
<entry name="jre\bin\java.exe" shared="false" uninstallMode="3"/>
<entry name="javadoc\com\qoppa\pdf\dom\IPDFPage.html" shared="false" uninstallMode="0"/>
<entry name="jre\lib\resources.jar" shared="false" uninstallMode="3"/>
<entry name="jre\lib\jfr.jar" shared="false" uninstallMode="3"/>
<entry name="jre\lib\security\java.policy" shared="false" uninstallMode="3"/>
<entry name="javadoc\com\qoppa\pdf\class-use\TimestampServer.html" shared="false" uninstallMode="0"/>
<entry name="javadoc\com\qoppa\pdf\class-use\SignatureValidity.html" shared="false" uninstallMode="0"/>
<entry name="jre\lib\ext\localedata.jar" shared="false" uninstallMode="3"/>
<entry name="javadoc\com\qoppa\pdf\annotations\class-use\FileAttachment.html" shared="false" uninstallMode="0"/>
<entry name="jre\LICENSE" shared="false" uninstallMode="3"/>
<entry name="javadoc\com\qoppa\pdf\annotations\class-use\Annotation.html" shared="false" uninstallMode="0"/>
<entry name="jre\lib\sparc\server\classes.jsa" shared="false" uninstallMode="0"/>
<entry name="javadoc\com\qoppa\pdfText\package-tree.html" shared="false" uninstallMode="0"/>
<entry name="jre\lib\security\cacerts" shared="false" uninstallMode="3"/>
<entry name="javadoc\changes\com.qoppa.pdf.annotations.Annotation.html" shared="false" uninstallMode="0"/>
<entry name="lib\dirchooser.jar" shared="false" uninstallMode="0"/>
<entry name="javadoc\com\qoppa\pdf\annotations\Polyline.html" shared="false" uninstallMode="0"/>
<entry name="jre\bin\jsoundds.dll" shared="false" uninstallMode="3"/>
<entry name="javadoc\com\qoppa\pdf\class-use\DocumentEvent.html" shared="false" uninstallMode="0"/>
<entry name="jre\bin\jp2ssv.dll" shared="false" uninstallMode="3"/>
<entry name=".install4j\i4jruntime.jar" shared="false" uninstallMode="2"/>
<entry name="jPDFPrintSamples\PDFFileFilter.java" shared="false" uninstallMode="0"/>
<entry name="javadoc\com\qoppa\pdf\actions\class-use\ResetForm.html" shared="false" uninstallMode="0"/>
<entry name="javadoc\com\qoppa\pdf\errors\PDFErrorHandling.html" shared="false" uninstallMode="0"/>
<entry name="javadoc\com\qoppa\pdf\actions\class-use\JSAction.html" shared="false" uninstallMode="0"/>
<entry name="jre\lib\security\java.security" shared="false" uninstallMode="3"/>
<entry name="javadoc\com\qoppa\ocr\class-use\TessJNI.html" shared="false" uninstallMode="0"/>
<entry name="javadoc\com\qoppa\pdfText\package-summary.html" shared="false" uninstallMode="0"/>
<entry name="javadoc\com\qoppa\pdf\actions\ResetForm.html" shared="false" uninstallMode="0"/>
<entry name="javadoc\com\qoppa\pdf\source\class-use\RAFilePDFSource.html" shared="false" uninstallMode="0"/>
<entry name="jPDFProcessSamples\FileAttachments.java" shared="false" uninstallMode="0"/>
<entry name="javadoc\com\qoppa\pdf\actions\NullAction.html" shared="false" uninstallMode="0"/>
<entry name="javadoc\com\qoppa\pdf\source\class-use\EmptyPDFSource.html" shared="false" uninstallMode="0"/>
<entry name="javadoc\com\qoppa\pdfImages\package-use.html" shared="false" uninstallMode="0"/>
<entry name="javadoc\index-files\index-15.html" shared="false" uninstallMode="0"/>
<entry name=".install4j\installer.ico" shared="false" uninstallMode="2"/>
<entry name="javadoc\allclasses-frame.html" shared="false" uninstallMode="0"/>
<entry name="javadoc\com\qoppa\pdfSecure\package-tree.html" shared="false" uninstallMode="0"/>
<entry name="javadoc\com\qoppa\pdfFields\PDFFields.KeyInfoFields.html" shared="false" uninstallMode="0"/>
<entry name="javadoc\com\qoppa\pdf\annotations\class-use\Polygon.html" shared="false" uninstallMode="0"/>
<entry name="jPDFPrintSamples\CoverPage.java" shared="false" uninstallMode="0"/>
<entry name="jPDFImagesSamples\PDFImagesSample.java" shared="false" uninstallMode="0"/>
<entry name="jPDFSecureSamples\CustomSignature.java" shared="false" uninstallMode="0"/>
<entry name="javadoc\com\qoppa\pdf\settings\package-use.html" shared="false" uninstallMode="0"/>
<entry name="jre\lib\cmm\GRAY.pf" shared="false" uninstallMode="3"/>
<entry name="javadoc\com\qoppa\pdf\annotations\Popup.html" shared="false" uninstallMode="0"/>
<entry name="javadoc\com\qoppa\pdf\actions\class-use\HideShowAction.html" shared="false" uninstallMode="0"/>
<entry name="jPDFProcessSamples\jPDFProcess16.png" shared="false" uninstallMode="0"/>
<entry name="jPDFTextSamples\PDFFileFilter.java" shared="false" uninstallMode="0"/>
<entry name="javadoc\changes\jdiff_topleftframe.html" shared="false" uninstallMode="0"/>
<entry name="javadoc\serialized-form.html" shared="false" uninstallMode="0"/>
<entry name="javadoc\changes\com.qoppa.pdf.form.RadioButtonGroupField.html" shared="false" uninstallMode="0"/>
<entry name="javadoc\com\qoppa\ocr\OCRException.html" shared="false" uninstallMode="0"/>
<entry name="jre\lib\ext\dnsns.jar" shared="false" uninstallMode="3"/>
<entry name="jPDFProcessSamples\CopyPages.java" shared="false" uninstallMode="0"/>
<entry name="javadoc\com\qoppa\pdf\annotations\Sound.html" shared="false" uninstallMode="0"/>
<entry name="javadoc\changes\alldiffs_index_additions.html" shared="false" uninstallMode="0"/>
<entry name="jPDFSecureSamples\ListPermissions.java" shared="false" uninstallMode="0"/>
<entry name="javadoc\com\qoppa\pdfImages\package-tree.html" shared="false" uninstallMode="0"/>
<entry name="javadoc\com\qoppa\pdf\class-use\Layer.html" shared="false" uninstallMode="0"/>
<entry name="javadoc\com\qoppa\pdf\PDFPasswordException.html" shared="false" uninstallMode="0"/>
<entry name="jre\lib\deploy\splash_11-lic.gif" shared="false" uninstallMode="3"/>
<entry name="javadoc\com\qoppa\pdfText\class-use\PDFText.html" shared="false" uninstallMode="0"/>
<entry name="javadoc\com\qoppa\pdf\annotations\class-use\Caret.html" shared="false" uninstallMode="0"/>
<entry name="javadoc\com\qoppa\pdf\PDFPermissionException.html" shared="false" uninstallMode="0"/>
<entry name="javadoc\com\qoppa\pdf\actions\package-tree.html" shared="false" uninstallMode="0"/>
<entry name="javadoc\deprecated-list.html" shared="false" uninstallMode="0"/>
<entry name="javadoc\com\qoppa\pdf\source\class-use\URLPDFSource.html" shared="false" uninstallMode="0"/>
<entry name="jre\bin\verify.dll" shared="false" uninstallMode="3"/>
<entry name="javadoc\changes\com.qoppa.pdf.form.AcroForm.html" shared="false" uninstallMode="0"/>
<entry name="javadoc\com\qoppa\pdfImages\package-frame.html" shared="false" uninstallMode="0"/>
<entry name="javadoc\com\qoppa\pdf\form\TextField.html" shared="false" uninstallMode="0"/>
<entry name="javadoc\com\qoppa\pdf\PDFRenderHints.html" shared="false" uninstallMode="0"/>
<entry name="jPDFProcessSamples\cli\PDFFunction_AppendFile.java" shared="false" uninstallMode="0"/>
<entry name="javadoc\com\qoppa\pdf\class-use\EmbedFileOptions.html" shared="false" uninstallMode="0"/>
<entry name="jPDFSecureSamples\EncryptionDialog.java" shared="false" uninstallMode="0"/>
<entry name="javadoc\com\qoppa\pdf\annotations\class-use\FreeText.html" shared="false" uninstallMode="0"/>
<entry name="jPDFProcessSamples\RotatePDFPages.java" shared="false" uninstallMode="0"/>
<entry name="javadoc\com\qoppa\pdf\ResizePageOptions.html" shared="false" uninstallMode="0"/>
<entry name="jre\lib\deploy\splash@2x.gif" shared="false" uninstallMode="3"/>
<entry name="jPDFPrintSamples\SimplePrintApplet.java" shared="false" uninstallMode="0"/>
<entry name="javadoc\com\qoppa\pdf\IPassword.html" shared="false" uninstallMode="0"/>
<entry name="javadoc\com\qoppa\pdf\annotations\WidgetRadioButton.html" shared="false" uninstallMode="0"/>
<entry name="javadoc\com\qoppa\pdf\form\class-use\FieldListener.html" shared="false" uninstallMode="0"/>
<entry name="javadoc\com\qoppa\pdf\annotations\WidgetCheckBox.html" shared="false" uninstallMode="0"/>
<entry name="jPDFSecureSamples\TrustWindowsRootCAs.java" shared="false" uninstallMode="0"/>
<entry name="jPDFImagesSamples\ExtFileFilter.java" shared="false" uninstallMode="0"/>
<entry name="fonts\DroidSansFallbackFull.ttf" shared="false" uninstallMode="0"/>
<entry name="javadoc\com\qoppa\ocr\package-summary.html" shared="false" uninstallMode="0"/>
<entry name="javadoc\com\qoppa\pdf\actions\class-use\NullAction.html" shared="false" uninstallMode="0"/>
<entry name="javadoc\com\qoppa\pdf\settings\class-use\ImageCompression.html" shared="false" uninstallMode="0"/>
<entry name="javadoc\com\qoppa\pdf\class-use\PrintListener.html" shared="false" uninstallMode="0"/>
<entry name="javadoc\com\qoppa\pdf\settings\ImageColorSpace.html" shared="false" uninstallMode="0"/>
<entry name="javadoc\com\qoppa\pdf\annotations\Text.html" shared="false" uninstallMode="0"/>
<entry name="jre\bin\jawt.dll" shared="false" uninstallMode="3"/>
<entry name="jre\bin\msvcp120.dll" shared="false" uninstallMode="3"/>
<entry name="jPDFAssembleSamples\jPDFAssemble32.png" shared="false" uninstallMode="0"/>
<entry name="javadoc\com\qoppa\pdf\PasswordDialog.html" shared="false" uninstallMode="0"/>
<entry name="jPDFProcessSamples\cli\jPDFProcessCLI.java" shared="false" uninstallMode="0"/>
<entry name="jre\lib\fontconfig.bfc" shared="false" uninstallMode="3"/>
<entry name="javadoc\com\qoppa\pdf\actions\package-use.html" shared="false" uninstallMode="0"/>
<entry name="javadoc\com\qoppa\pdf\permissions\package-use.html" shared="false" uninstallMode="0"/>
<entry name="javadoc\com\qoppa\pdf\annotations\Caret.html" shared="false" uninstallMode="0"/>
<entry name="jre\lib\jce.jar" shared="false" uninstallMode="3"/>
<entry name="jre\lib\logging.properties" shared="false" uninstallMode="3"/>
<entry name="javadoc\com\qoppa\pdf\actions\class-use\LaunchAction.html" shared="false" uninstallMode="0"/>
<entry name="javadoc\com\qoppa\pdfFields\package-tree.html" shared="false" uninstallMode="0"/>
<entry name="javadoc\com\qoppa\pdf\annotations\class-use\Vertices.html" shared="false" uninstallMode="0"/>
<entry name=".install4j\pref_jre.cfg" shared="false" uninstallMode="0"/>
<entry name="javadoc\com\qoppa\pdf\annotations\Callout.html" shared="false" uninstallMode="0"/>
<entry name="jre\lib\management\management.properties" shared="false" uninstallMode="3"/>
<entry name="jPDFPrintSamples\MultiPrintPrintable.java" shared="false" uninstallMode="0"/>
<entry name="javadoc\com\qoppa\pdf\annotations\RubberStamp.html" shared="false" uninstallMode="0"/>
<entry name="javadoc\com\qoppa\pdf\annotations\class-use\IFlattener.html" shared="false" uninstallMode="0"/>
<entry name="javadoc\index-files\index-20.html" shared="false" uninstallMode="0"/>
<entry name="jre\lib\fonts\LucidaBrightDemiItalic.ttf" shared="false" uninstallMode="3"/>
<entry name="jPDFImagesSamples\PDFImagesFrame.java" shared="false" uninstallMode="0"/>
<entry name="javadoc\com\qoppa\pdf\annotations\package-summary.html" shared="false" uninstallMode="0"/>
<entry name="jre\lib\amd64\server\classes.jsa" shared="false" uninstallMode="0"/>
<entry name="jPDFProcessSamples\AddBookmarks.java" shared="false" uninstallMode="0"/>
<entry name="javadoc\com\qoppa\pdf\form\AcroForm.html" shared="false" uninstallMode="0"/>
<entry name="javadoc\com\qoppa\pdf\source\class-use\URLOnDemandPDFSource.html" shared="false" uninstallMode="0"/>
<entry name="jre\bin\ssvagent.exe" shared="false" uninstallMode="3"/>
<entry name="jre\lib\classlist" shared="false" uninstallMode="3"/>
<entry name="javadoc\com\qoppa\pdf\form\class-use\PushButtonField.html" shared="false" uninstallMode="0"/>
<entry name="javadoc\com\qoppa\pdf\permissions\package-frame.html" shared="false" uninstallMode="0"/>
<entry name="javadoc\com\qoppa\pdf\actions\class-use\GotoPageAction.html" shared="false" uninstallMode="0"/>
<entry name="jre\THIRDPARTYLICENSEREADME.txt" shared="false" uninstallMode="3"/>
<entry name="javadoc\com\qoppa\pdf\form\class-use\RadioButtonGroupField.html" shared="false" uninstallMode="0"/>
<entry name="jre\lib\deploy\messages_pt_BR.properties" shared="false" uninstallMode="3"/>
<entry name="javadoc\index-files\index-10.html" shared="false" uninstallMode="0"/>
<entry name="jPDFProcessSamples\cli\PDFFunction.java" shared="false" uninstallMode="0"/>
<entry name="javadoc\com\qoppa\pdf\form\FormField.html" shared="false" uninstallMode="0"/>
<entry name="jre\bin\fontmanager.dll" shared="false" uninstallMode="3"/>
<entry name="jPDFProcessSamples\ant\SignPDF.java" shared="false" uninstallMode="0"/>
<entry name="javadoc\com\qoppa\pdf\annotations\class-use\AnnotationReviewStatus.html" shared="false" uninstallMode="0"/>
<entry name="lib\bcpkix-jdk14-154.jar" shared="false" uninstallMode="0"/>
<entry name=".install4j\i4j_extf_5_rcdnpi_18gg8kx@2x.png" shared="false" uninstallMode="2"/>
<entry name="jPDFProcessSamples\CreateAndUseTemplate.java" shared="false" uninstallMode="0"/>
<entry name="javadoc\changes\com.qoppa.pdf.SignatureAppearance.html" shared="false" uninstallMode="0"/>
<entry name="jre\lib\management\jmxremote.access" shared="false" uninstallMode="3"/>
<entry name="javadoc\com\qoppa\pdf\class-use\PDFPassword.html" shared="false" uninstallMode="0"/>
<entry name="javadoc\com\qoppa\pdf\IdentityProperties.html" shared="false" uninstallMode="0"/>
<entry name="jre\lib\deploy\messages_ko.properties" shared="false" uninstallMode="3"/>
<entry name="javadoc\com\qoppa\pdf\source\class-use\MBBPDFSource.html" shared="false" uninstallMode="0"/>
<entry name="jre\bin\pack200.exe" shared="false" uninstallMode="3"/>
<entry name="jre\Welcome.html" shared="false" uninstallMode="3"/>
<entry name="jre\lib\plugin.jar" shared="false" uninstallMode="3"/>
<entry name="javadoc\com\qoppa\pdf\class-use\PrintDefaults.html" shared="false" uninstallMode="0"/>
<entry name="jPDFProcessSamples\DataTablePDF.java" shared="false" uninstallMode="0"/>
<entry name="javadoc\com\qoppa\pdf\source\class-use\InputStreamPDFSource.html" shared="false" uninstallMode="0"/>
<entry name="javadoc\com\qoppa\pdf\annotations\class-use\WidgetCheckBox.html" shared="false" uninstallMode="0"/>
<entry name="jPDFSecureSamples\jPDFSecure32.png" shared="false" uninstallMode="0"/>
<entry name="jPDFImagesSamples\PDFToOverPrintImages.java" shared="false" uninstallMode="0"/>
<entry name="javadoc\com\qoppa\pdf\actions\class-use\IEmailHandler.html" shared="false" uninstallMode="0"/>
<entry name="javadoc\com\qoppa\pdf\actions\class-use\SetOCGState.html" shared="false" uninstallMode="0"/>
<entry name="jre\bin\unpack200.exe" shared="false" uninstallMode="3"/>
<entry name="jre\bin\jfxmedia.dll" shared="false" uninstallMode="3"/>
<entry name="jPDFProcessSamples\CreatePDFWithTextAndImage.java" shared="false" uninstallMode="0"/>
<entry name="javadoc\com\qoppa\pdf\annotations\IAnnotSelectionListener.html" shared="false" uninstallMode="0"/>
<entry name="javadoc\com\qoppa\pdfPrint\package-tree.html" shared="false" uninstallMode="0"/>
<entry name="javadoc\com\qoppa\pdf\source\PDFSource.html" shared="false" uninstallMode="0"/>
<entry name="C:\ProgramData\Microsoft\Windows\Start Menu\Programs\jPDFProcess\Javadoc API.lnk" shared="false" uninstallMode="2"/>
<entry name="javadoc\com\qoppa\pdfProcess\class-use\PDFGraphics.html" shared="false" uninstallMode="0"/>
<entry name="javadoc\changes\alldiffs_index_changes.html" shared="false" uninstallMode="0"/>
<entry name="javadoc\com\qoppa\pdf\actions\IEmailHandler.html" shared="false" uninstallMode="0"/>
<entry name="javadoc\changes\classes_index_removals.html" shared="false" uninstallMode="0"/>
<entry name="javadoc\resources\titlebar.gif" shared="false" uninstallMode="0"/>
<entry name=".install4j\inst_jre.cfg" shared="false" uninstallMode="0"/>
<entry name="jPDFProcessSamples\htmlToPDF\QListView.java" shared="false" uninstallMode="0"/>
<entry name="javadoc\com\qoppa\pdf\annotations\class-use\Sound.html" shared="false" uninstallMode="0"/>
<entry name="javadoc\com\qoppa\pdf\dom\package-summary.html" shared="false" uninstallMode="0"/>
<entry name="javadoc\com\qoppa\pdfPrint\PDFPrint.html" shared="false" uninstallMode="0"/>
<entry name="jPDFAssembleSamples\PDFAssembleApplet.java" shared="false" uninstallMode="0"/>
<entry name="jre\lib\jfr\profile.jfc" shared="false" uninstallMode="3"/>
<entry name="jre\bin\nio.dll" shared="false" uninstallMode="3"/>
<entry name="jPDFAssembleSamples\SetDocumentProperties.java" shared="false" uninstallMode="0"/>
<entry name="jPDFAssembleSamples\SimpleSplit.java" shared="false" uninstallMode="0"/>
<entry name="jre\lib\calendars.properties" shared="false" uninstallMode="3"/>
<entry name="jPDFProcessSamples\htmlToPDF\QHTMLEditorKit.java" shared="false" uninstallMode="0"/>
<entry name="javadoc\com\qoppa\pdfText\PDFText.KeyInfoText.html" shared="false" uninstallMode="0"/>
<entry name="javadoc\com\qoppa\pdf\form\class-use\ChoiceField.html" shared="false" uninstallMode="0"/>
<entry name="javadoc\changes\changes-summary.html" shared="false" uninstallMode="0"/>
<entry name="jPDFProcess.html" shared="false" uninstallMode="0"/>
<entry name="javadoc\com\qoppa\pdf\actions\class-use\IPDFActionHandler.html" shared="false" uninstallMode="0"/>
<entry name="javadoc\com\qoppa\pdf\package-frame.html" shared="false" uninstallMode="0"/>
<entry name="jPDFTextSamples\PDFTextPanel.java" shared="false" uninstallMode="0"/>
<entry name="javadoc\index-files\index-8.html" shared="false" uninstallMode="0"/>
<entry name="jre\bin\server\jvm.dll" shared="false" uninstallMode="3"/>
<entry name="javadoc\com\qoppa\pdf\TextPosition.html" shared="false" uninstallMode="0"/>
<entry name="jPDFPrintSamples\SimplePrintDefault.java" shared="false" uninstallMode="0"/>
<entry name="jPDFPrintSamples\SimplePrintNamed.java" shared="false" uninstallMode="0"/>
<entry name="jre\bin\jli.dll" shared="false" uninstallMode="3"/>
<entry name="C:\ProgramData\Microsoft\Windows\Start Menu\Programs\jPDFProcess\jPDFProcess Uninstaller.lnk" shared="false" uninstallMode="2"/>
<entry name="jPDFAssembleSamples\jPDFAssemble16.gif" shared="false" uninstallMode="0"/>
<entry name="javadoc\changes\pkg_com.qoppa.pdfProcess.html" shared="false" uninstallMode="0"/>
<entry name="lib\rhino.jar" shared="false" uninstallMode="0"/>
<entry name="jre\lib\ext\sunmscapi.jar" shared="false" uninstallMode="3"/>
<entry name="jPDFProcessSamples\htmlToPDF\AttributeMapper.java" shared="false" uninstallMode="0"/>
<entry name="javadoc\com\qoppa\pdf\actions\LaunchAction.html" shared="false" uninstallMode="0"/>
<entry name="javadoc\com\qoppa\pdf\class-use\LocalFont.html" shared="false" uninstallMode="0"/>
<entry name="jPDFProcessSamples\CreateFlattenAnnotations.java" shared="false" uninstallMode="0"/>
<entry name="javadoc\com\qoppa\pdf\form\package-frame.html" shared="false" uninstallMode="0"/>
<entry name="javadoc\changes\com.qoppa.pdf.SignatureValidity.html" shared="false" uninstallMode="0"/>
<entry name="javadoc\changes\com.qoppa.pdf.annotations.TextMarkup.html" shared="false" uninstallMode="0"/>
<entry name="javadoc\com\qoppa\pdfAssemble\PDFAssemble.html" shared="false" uninstallMode="0"/>
<entry name="javadoc\com\qoppa\pdf\settings\package-frame.html" shared="false" uninstallMode="0"/>
<entry name="jPDFSecureSamples\SignWithPKCS11.java" shared="false" uninstallMode="0"/>
<entry name="jPDFAssembleSamples\MergeDialog.java" shared="false" uninstallMode="0"/>
<entry name="javadoc\com\qoppa\pdf\JavaScriptSettings.html" shared="false" uninstallMode="0"/>
<entry name="jre\lib\images\cursors\win32_CopyNoDrop32x32.gif" shared="false" uninstallMode="3"/>
<entry name="javadoc\com\qoppa\pdfImages\package-summary.html" shared="false" uninstallMode="0"/>
<entry name="javadoc\com\qoppa\pdf\class-use\LayerListener.html" shared="false" uninstallMode="0"/>
<entry name=".install4j\i4j_extf_4_rcdnpi_6tu92s.ico" shared="false" uninstallMode="2"/>
<entry name="jre\bin\dt_shmem.dll" shared="false" uninstallMode="3"/>
<entry name="javadoc\com\qoppa\pdf\source\URLPDFSource.html" shared="false" uninstallMode="0"/>
<entry name="jPDFSecureSamples\ChooseSignatureDialog.java" shared="false" uninstallMode="0"/>
<entry name="javadoc\changes\pkg_com.qoppa.pdf.permissions.html" shared="false" uninstallMode="0"/>
<entry name="jPDFPrintSamples\SampleUtil.java" shared="false" uninstallMode="0"/>
<entry name="javadoc\com\qoppa\pdf\actions\class-use\ISubmitActionEmailHandler.html" shared="false" uninstallMode="0"/>
<entry name="javadoc\index-files\index-1.html" shared="false" uninstallMode="0"/>
<entry name="javadoc\com\qoppa\pdf\class-use\TextSelection.html" shared="false" uninstallMode="0"/>
<entry name="jPDFSecureSamples\SecurityInfo.java" shared="false" uninstallMode="0"/>
<entry name="jre\lib\fonts\LucidaTypewriterBold.ttf" shared="false" uninstallMode="3"/>
<entry name="javadoc\com\qoppa\pdf\source\class-use\PDFSource.html" shared="false" uninstallMode="0"/>
<entry name="jPDFProcessSamples\OCRPDFPages.java" shared="false" uninstallMode="0"/>
<entry name="javadoc\com\qoppa\pdf\permissions\class-use\PasswordPermissions.html" shared="false" uninstallMode="0"/>
<entry name="javadoc\com\qoppa\pdfAssemble\class-use\PDFAssemble.html" shared="false" uninstallMode="0"/>
<entry name="javadoc\com\qoppa\pdf\annotations\Redaction.html" shared="false" uninstallMode="0"/>
<entry name="javadoc\com\qoppa\pdfProcess\PDFGraphics.html" shared="false" uninstallMode="0"/>
<entry name="jre\lib\jsse.jar" shared="false" uninstallMode="3"/>
<entry name="javadoc\com\qoppa\pdf\annotations\class-use\WidgetChoice.html" shared="false" uninstallMode="0"/>
<entry name="jPDFProcessSamples\htmlToPDF\ParentView.java" shared="false" uninstallMode="0"/>
<entry name="jPDFImagesSamples\PDFImagesApplet.java" shared="false" uninstallMode="0"/>
<entry name="javadoc\com\qoppa\pdf\annotations\class-use\AnnotationComponent.html" shared="false" uninstallMode="0"/>
<entry name="jre\lib\images\cursors\win32_CopyDrop32x32.gif" shared="false" uninstallMode="3"/>
<entry name="javadoc\com\qoppa\ocr\TessJNI.html" shared="false" uninstallMode="0"/>
<entry name="javadoc\missingSinces.txt" shared="false" uninstallMode="0"/>
<entry name="jPDFProcessSamples\SetPageLabels.java" shared="false" uninstallMode="0"/>
<entry name="javadoc\com\qoppa\pdf\annotations\WidgetText.html" shared="false" uninstallMode="0"/>
<entry name="javadoc\com\qoppa\pdf\class-use\PDFSecurityException.html" shared="false" uninstallMode="0"/>
<entry name="javadoc\com\qoppa\pdf\annotations\class-use\IAnnotationManager.html" shared="false" uninstallMode="0"/>
<entry name="jre\lib\images\cursors\invalid32x32.gif" shared="false" uninstallMode="3"/>
<entry name="javadoc\com\qoppa\pdf\source\package-frame.html" shared="false" uninstallMode="0"/>
<entry name="jre\bin\unpack.dll" shared="false" uninstallMode="3"/>
<entry name="jre\bin\wsdetect.dll" shared="false" uninstallMode="3"/>
<entry name="javadoc\com\qoppa\pdf\resources\class-use\IImageResource.html" shared="false" uninstallMode="0"/>
<entry name="javadoc\changes\alldiffs_index_removals.html" shared="false" uninstallMode="0"/>
<entry name="javadoc\com\qoppa\pdf\source\FilePDFSource.html" shared="false" uninstallMode="0"/>
<entry name="jPDFFieldsSamples\EchoFields.java" shared="false" uninstallMode="0"/>
<entry name="jPDFSecureSamples\SignWithTimestampServer.java" shared="false" uninstallMode="0"/>
<entry name="javadoc\com\qoppa\pdf\class-use\SignatureAppearance.html" shared="false" uninstallMode="0"/>
<entry name="javadoc\com\qoppa\pdfProcess\package-tree.html" shared="false" uninstallMode="0"/>
<entry name="jPDFFieldsSamples\ExportFDF.java" shared="false" uninstallMode="0"/>
<entry name="javadoc\changes\com.qoppa.pdf.annotations.RubberStamp.html" shared="false" uninstallMode="0"/>
<entry name="javadoc\com\qoppa\pdf\resources\package-summary.html" shared="false" uninstallMode="0"/>
<entry name="javadoc\index-files\index-5.html" shared="false" uninstallMode="0"/>
<entry name="jre\lib\psfontj2d.properties" shared="false" uninstallMode="3"/>
<entry name="jre\bin\JAWTAccessBridge-64.dll" shared="false" uninstallMode="3"/>
<entry name="javadoc\com\qoppa\pdf\resources\IResourceManager.html" shared="false" uninstallMode="0"/>
<entry name="javadoc\index-files\index-13.html" shared="false" uninstallMode="0"/>
<entry name="javadoc\com\qoppa\pdf\form\ListField.html" shared="false" uninstallMode="0"/>
<entry name="jPDFPrintSamples\SilentPrintApplet.java" shared="false" uninstallMode="0"/>
<entry name="javadoc\v2019R1.xml" shared="false" uninstallMode="0"/>
<entry name="jPDFSecureSamples\ClearUsageRights.java" shared="false" uninstallMode="0"/>
<entry name="jre\bin\w2k_lsa_auth.dll" shared="false" uninstallMode="3"/>
<entry name="javadoc\resources\background.gif" shared="false" uninstallMode="0"/>
<entry name="jre\lib\management-agent.jar" shared="false" uninstallMode="3"/>
<entry name="javadoc\com\qoppa\pdf\annotations\WidgetChoice.html" shared="false" uninstallMode="0"/>
<entry name="javadoc\com\qoppa\pdf\class-use\SigningInformation.html" shared="false" uninstallMode="0"/>
<entry name="jPDFFieldsSamples\ImportFDF.java" shared="false" uninstallMode="0"/>
<entry name="javadoc\com\qoppa\pdf\annotations\class-use\AnnotationCheckmarkStatus.html" shared="false" uninstallMode="0"/>
<entry name="jre\lib\deploy\ffjcext.zip" shared="false" uninstallMode="3"/>
<entry name="javadoc\com\qoppa\pdf\PrintDefaults.html" shared="false" uninstallMode="0"/>
<entry name="javadoc\com\qoppa\pdf\actions\class-use\GotoPageRemoteAction.html" shared="false" uninstallMode="0"/>
<entry name="javadoc\com\qoppa\pdf\annotations\AnnotationCheckmarkStatus.html" shared="false" uninstallMode="0"/>
<entry name="javadoc\com\qoppa\pdf\source\MBBPDFSource.html" shared="false" uninstallMode="0"/>
<entry name="jre\bin\gstreamer-lite.dll" shared="false" uninstallMode="3"/>
<entry name="jPDFImagesSamples\PDFToJPEGs.java" shared="false" uninstallMode="0"/>
<entry name="javadoc\com\qoppa\pdfImages\class-use\PDFImages.html" shared="false" uninstallMode="0"/>
<entry name="keystore.pfx" shared="false" uninstallMode="0"/>
<entry name="javadoc\com\qoppa\pdf\annotations\class-use\Redaction.html" shared="false" uninstallMode="0"/>
<entry name="jre\lib\deploy\splash.gif" shared="false" uninstallMode="3"/>
<entry name="javadoc\changes\com.qoppa.pdf.dom.IPDFDocument.html" shared="false" uninstallMode="0"/>
<entry name="javadoc\com\qoppa\pdf\settings\package-summary.html" shared="false" uninstallMode="0"/>
<entry name="javadoc\com\qoppa\pdf\resources\package-frame.html" shared="false" uninstallMode="0"/>
<entry name="javadoc\com\qoppa\pdf\errors\package-tree.html" shared="false" uninstallMode="0"/>
<entry name="jre\bin\prism_d3d.dll" shared="false" uninstallMode="3"/>
<entry name="javadoc\com\qoppa\pdfProcess\class-use\PDFDocument.KeyInfoProcess.html" shared="false" uninstallMode="0"/>
<entry name="jPDFProcessSamples\NewTextSearch.java" shared="false" uninstallMode="0"/>
<entry name="jPDFFieldsSamples\PDFFieldsFrame.java" shared="false" uninstallMode="0"/>
<entry name="javadoc\com\qoppa\pdf\permissions\class-use\Restrictions.html" shared="false" uninstallMode="0"/>
<entry name="jre\lib\deploy\messages_it.properties" shared="false" uninstallMode="3"/>
<entry name="jPDFAssembleSamples\InputDialogController.java" shared="false" uninstallMode="0"/>
<entry name="javadoc\com\qoppa\pdf\source\EmptyPDFSource.html" shared="false" uninstallMode="0"/>
<entry name="jre\lib\flavormap.properties" shared="false" uninstallMode="3"/>
<entry name="javadoc\com\qoppa\pdfSecure\class-use\PDFSecure.html" shared="false" uninstallMode="0"/>
<entry name="jPDFImagesSamples\ProgressDialog.java" shared="false" uninstallMode="0"/>
<entry name="jre\bin\tnameserv.exe" shared="false" uninstallMode="3"/>
<entry name="javadoc\com\qoppa\pdf\form\class-use\SignatureField.html" shared="false" uninstallMode="0"/>
<entry name="javadoc\com\qoppa\pdf\actions\class-use\URLAction.html" shared="false" uninstallMode="0"/>
<entry name="javadoc\index-files\index-17.html" shared="false" uninstallMode="0"/>
<entry name="jre\bin\javafx_iio.dll" shared="false" uninstallMode="3"/>
<entry name="javadoc\com\qoppa\pdf\errors\class-use\RenderError.html" shared="false" uninstallMode="0"/>
<entry name="jPDFProcessSamples\TextToPDF.java" shared="false" uninstallMode="0"/>
<entry name="javadoc\com\qoppa\pdfFields\PDFFields.html" shared="false" uninstallMode="0"/>
<entry name="jre\bin\prism_sw.dll" shared="false" uninstallMode="3"/>
<entry name="javadoc\com\qoppa\pdf\form\class-use\ListField.html" shared="false" uninstallMode="0"/>
<entry name="javadoc\com\qoppa\pdf\class-use\IJavaScriptEnabler.html" shared="false" uninstallMode="0"/>
<entry name="jre\bin\jp2iexp.dll" shared="false" uninstallMode="3"/>
<entry name="javadoc\com\qoppa\pdf\annotations\WidgetSignatureComponent.html" shared="false" uninstallMode="0"/>
<entry name="javadoc\com\qoppa\pdf\form\ComboField.html" shared="false" uninstallMode="0"/>
<entry name="javadoc\com\qoppa\pdf\dom\class-use\IPDFDocument.html" shared="false" uninstallMode="0"/>
<entry name="jPDFSecureSamples\SetPermissions.java" shared="false" uninstallMode="0"/>
<entry name="javadoc\changes\com.qoppa.pdf.form.TextField.html" shared="false" uninstallMode="0"/>
<entry name="jre\bin\servertool.exe" shared="false" uninstallMode="3"/>
<entry name="jPDFProcessSamples\PDFProcessApplet.java" shared="false" uninstallMode="0"/>
<entry name="jre\lib\security\US_export_policy.jar" shared="false" uninstallMode="3"/>
<entry name="jPDFAssembleSamples\MergeDialogController.java" shared="false" uninstallMode="0"/>
<entry name="javadoc\com\qoppa\pdf\form\package-tree.html" shared="false" uninstallMode="0"/>
<entry name="javadoc\com\qoppa\pdf\class-use\IPassword.html" shared="false" uninstallMode="0"/>
<entry name="javadoc\com\qoppa\pdf\annotations\class-use\WidgetList.html" shared="false" uninstallMode="0"/>
<entry name="jPDFSecureSamples\SignWithPades.java" shared="false" uninstallMode="0"/>
<entry name="jPDFSecureSamples\PDFSecureApplet.java" shared="false" uninstallMode="0"/>
<entry name="javadoc\com\qoppa\pdfFields\package-use.html" shared="false" uninstallMode="0"/>
<entry name="javadoc\com\qoppa\pdfPrint\class-use\PDFPrint.KeyInfoPrint.html" shared="false" uninstallMode="0"/>
<entry name="jPDFProcessSamples\SignDocument.java" shared="false" uninstallMode="0"/>
<entry name="javadoc\com\qoppa\pdf\permissions\package-tree.html" shared="false" uninstallMode="0"/>
<entry name="jre\bin\msvcr120.dll" shared="false" uninstallMode="3"/>
<entry name="jPDFProcessSamples\SearchPatternAndRedact.java" shared="false" uninstallMode="0"/>
<entry name="jre\lib\ext\nashorn.jar" shared="false" uninstallMode="3"/>
<entry name="jPDFPrintSamples\PrintJobListenerSample.java" shared="false" uninstallMode="0"/>
<entry name="javadoc\com\qoppa\pdf\SignatureValidity.html" shared="false" uninstallMode="0"/>
<entry name="jre\lib\deploy\messages_es.properties" shared="false" uninstallMode="3"/>
<entry name="jPDFProcessSamples\AddWatermark.java" shared="false" uninstallMode="0"/>
<entry name="javadoc\com\qoppa\pdf\errors\class-use\PDFErrorHandling.html" shared="false" uninstallMode="0"/>
<entry name="javadoc\com\qoppa\pdf\annotations\AnnotationSettings.html" shared="false" uninstallMode="0"/>
<entry name="jre\bin\kcms.dll" shared="false" uninstallMode="3"/>
<entry name="jPDFSecureSamples\VerifySignatures.java" shared="false" uninstallMode="0"/>
<entry name="jre\bin\t2k.dll" shared="false" uninstallMode="3"/>
<entry name="jPDFPrintSamples\PDFPrintApplet.java" shared="false" uninstallMode="0"/>
<entry name="javadoc\com\qoppa\pdf\permissions\package-summary.html" shared="false" uninstallMode="0"/>
<entry name="javadoc\changes\pkg_com.qoppa.pdf.html" shared="false" uninstallMode="0"/>
<entry name="javadoc\com\qoppa\pdf\annotations\AnnotationComponent.html" shared="false" uninstallMode="0"/>
<entry name="C:\ProgramData\Microsoft\Windows\Start Menu\Programs\jPDFProcess\Qoppa Software Homepage.url" shared="false" uninstallMode="2"/>
<entry name="javadoc\com\qoppa\pdf\package-use.html" shared="false" uninstallMode="0"/>
<entry name="jre\bin\mlib_image.dll" shared="false" uninstallMode="3"/>
<entry name="javadoc\com\qoppa\pdf\class-use\DocumentViewPrefs.html" shared="false" uninstallMode="0"/>
<entry name="javadoc\changes\com.qoppa.pdf.form.FormField.html" shared="false" uninstallMode="0"/>
<entry name="javadoc\com\qoppa\pdfPrint\PDFPrint.KeyInfoPrint.html" shared="false" uninstallMode="0"/>
<entry name="jPDFProcessSamples\GetAnnotationInfo.java" shared="false" uninstallMode="0"/>
<entry name="javadoc\com\qoppa\pdf\FontSettings.html" shared="false" uninstallMode="0"/>
<entry name="javadoc\com\qoppa\pdf\source\InputStreamPDFSource.html" shared="false" uninstallMode="0"/>
<entry name="javadoc\com\qoppa\pdf\class-use\TIFFOptions.html" shared="false" uninstallMode="0"/>
<entry name="javadoc\changes\packages_index_removals.html" shared="false" uninstallMode="0"/>
<entry name="jre\bin\rmiregistry.exe" shared="false" uninstallMode="3"/>
<entry name="javadoc\com\qoppa\pdf\errors\RenderError.html" shared="false" uninstallMode="0"/>
<entry name="jre\lib\jfxswt.jar" shared="false" uninstallMode="3"/>
<entry name="javadoc\changes\fields_index_additions.html" shared="false" uninstallMode="0"/>
<entry name="jre\bin\jdwp.dll" shared="false" uninstallMode="3"/>
<entry name="jPDFSecureSamples\PDFSecurePanel.java" shared="false" uninstallMode="0"/>
<entry name="jre\lib\fonts\LucidaBrightItalic.ttf" shared="false" uninstallMode="3"/>
<entry name="jPDFProcessSamples\PDFFileFilter.java" shared="false" uninstallMode="0"/>
<entry name="jPDFProcessSamples\cli\PDFFunction_RotatePage.java" shared="false" uninstallMode="0"/>
<entry name=".install4j\i4j_extf_5_rcdnpi_18gg8kx.png" shared="false" uninstallMode="2"/>
<entry name="jre\lib\images\cursors\win32_LinkNoDrop32x32.gif" shared="false" uninstallMode="3"/>
<entry name="javadoc\com\qoppa\pdfText\package-use.html" shared="false" uninstallMode="0"/>
<entry name="javadoc\com\qoppa\pdf\form\class-use\AcroForm.html" shared="false" uninstallMode="0"/>
<entry name=".install4j\i4jparams.conf" shared="false" uninstallMode="2"/>
<entry name="javadoc\com\qoppa\pdf\class-use\PrintSettings.html" shared="false" uninstallMode="0"/>
<entry name="jre\lib\security\blacklisted.certs" shared="false" uninstallMode="3"/>
<entry name="jPDFSecureSamples\jPDFSecure16.png" shared="false" uninstallMode="0"/>
<entry name="javadoc\com\qoppa\pdf\annotations\Widget.html" shared="false" uninstallMode="0"/>
<entry name="javadoc\com\qoppa\pdf\actions\class-use\SubmitFormAction.html" shared="false" uninstallMode="0"/>
<entry name="jPDFProcessSamples\AddText.java" shared="false" uninstallMode="0"/>
<entry name="jre\lib\security\javaws.policy" shared="false" uninstallMode="3"/>
<entry name="jPDFProcessSamples\FlattenFields.java" shared="false" uninstallMode="0"/>
<entry name="jPDFTextSamples\PDFTextCmdLine.java" shared="false" uninstallMode="0"/>
<entry name="jre\bin\resource.dll" shared="false" uninstallMode="3"/>
<entry name="javadoc\com\qoppa\pdf\class-use\TextToPDFSettings.html" shared="false" uninstallMode="0"/>
<entry name="javadoc\com\qoppa\pdf\annotations\class-use\Polyline.html" shared="false" uninstallMode="0"/>
<entry name="javadoc\changes\pkg_com.qoppa.pdfAssemble.html" shared="false" uninstallMode="0"/>
<entry name="jPDFProcessSamples\TextRedaction.java" shared="false" uninstallMode="0"/>
<entry name="javadoc\com\qoppa\pdf\actions\GotoPageAction.html" shared="false" uninstallMode="0"/>
<entry name="jPDFProcessSamples\PDFProcessPanel.java" shared="false" uninstallMode="0"/>
<entry name="jre\lib\fonts\LucidaBrightDemiBold.ttf" shared="false" uninstallMode="3"/>
<entry name="javadoc\com\qoppa\pdf\annotations\Circle.html" shared="false" uninstallMode="0"/>
<entry name="javadoc\changes.html" shared="false" uninstallMode="0"/>
<entry name="javadoc\com\qoppa\pdf\PDFException.html" shared="false" uninstallMode="0"/>
<entry name="jPDFSecureSamples\SampleUtil.java" shared="false" uninstallMode="0"/>
<entry name="javadoc\com\qoppa\pdf\annotations\class-use\Popup.html" shared="false" uninstallMode="0"/>
<entry name=".install4j\response.varfile" shared="false" uninstallMode="0"/>
<entry name="jre\bin\java.dll" shared="false" uninstallMode="3"/>
<entry name="jre\lib\deploy\messages_de.properties" shared="false" uninstallMode="3"/>
<entry name="javadoc\com\qoppa\pdf\actions\SetOCGState.Sequence.html" shared="false" uninstallMode="0"/>
<entry name="javadoc\com\qoppa\pdf\annotations\class-use\ThreeDimensional.html" shared="false" uninstallMode="0"/>
<entry name="javadoc\com\qoppa\pdf\dom\IPDFDocument.html" shared="false" uninstallMode="0"/>
<entry name="jPDFProcessSamples\TextRedactionWithRegEx.java" shared="false" uninstallMode="0"/>
<entry name="jPDFProcessSamples\ImportAnnots.java" shared="false" uninstallMode="0"/>
<entry name="jPDFSecureSamples\SignWithWindowsID.java" shared="false" uninstallMode="0"/>
<entry name="javadoc\changes\com.qoppa.pdfProcess.PDFDocument.html" shared="false" uninstallMode="0"/>
<entry name="javadoc\com\qoppa\pdf\annotations\class-use\WidgetPushButton.html" shared="false" uninstallMode="0"/>
<entry name="javadoc\com\qoppa\pdf\form\SignatureField.html" shared="false" uninstallMode="0"/>
<entry name="javadoc\com\qoppa\pdf\annotations\Polygon.html" shared="false" uninstallMode="0"/>
<entry name="jPDFTextSamples\jPDFText16.png" shared="false" uninstallMode="0"/>
<entry name="javadoc\com\qoppa\pdf\annotations\class-use\WidgetButton.html" shared="false" uninstallMode="0"/>
<entry name=".install4j\MessagesDefault" shared="false" uninstallMode="2"/>
<entry name="javadoc\com\qoppa\pdfSecure\package-use.html" shared="false" uninstallMode="0"/>
<entry name="javadoc\changes\pkg_com.qoppa.pdf.errors.html" shared="false" uninstallMode="0"/>
<entry name="jre\bin\WindowsAccessBridge-64.dll" shared="false" uninstallMode="3"/>
<entry name="javadoc\changes\com.qoppa.pdf.form.ChoiceField.html" shared="false" uninstallMode="0"/>
<entry name="javadoc\changes\com.qoppa.pdf.permissions.PasswordPermissions.html" shared="false" uninstallMode="0"/>
<entry name="javadoc\com\qoppa\pdf\annotations\class-use\IAnnotationFactory.html" shared="false" uninstallMode="0"/>
<entry name="javadoc\com\qoppa\pdfSecure\PDFSecure.KeyInfoSecure.html" shared="false" uninstallMode="0"/>
<entry name="javadoc\com\qoppa\pdf\actions\ISubmitActionEmailHandler.html" shared="false" uninstallMode="0"/>
<entry name="jre\lib\ext\sunjce_provider.jar" shared="false" uninstallMode="3"/>
<entry name="javadoc\com\qoppa\pdf\TIFFOptions.html" shared="false" uninstallMode="0"/>
<entry name="javadoc\com\qoppa\pdf\class-use\FontSettings.html" shared="false" uninstallMode="0"/>
<entry name="javadoc\com\qoppa\pdf\form\class-use\ComboField.html" shared="false" uninstallMode="0"/>
<entry name="javadoc\stylesheet-jdiff.css" shared="false" uninstallMode="0"/>
<entry name="jre\lib\deploy\messages.properties" shared="false" uninstallMode="3"/>
<entry name="uninstall.exe" shared="false" uninstallMode="0"/>
<entry name="jPDFPrintSamples\PDFPrintFrame.java" shared="false" uninstallMode="0"/>
<entry name="javadoc\changes\constructors_index_all.html" shared="false" uninstallMode="0"/>
<entry name="javadoc\changes\methods_index_changes.html" shared="false" uninstallMode="0"/>
<entry name="javadoc\com\qoppa\pdf\IJavaScriptEnabler.html" shared="false" uninstallMode="0"/>
<entry name="javadoc\com\qoppa\pdfPrint\package-frame.html" shared="false" uninstallMode="0"/>
<entry name="jPDFProcessSamples\cli\JobInfo.java" shared="false" uninstallMode="0"/>
<entry name="jPDFProcessSamples\CropPage.java" shared="false" uninstallMode="0"/>
<entry name="javadoc\com\qoppa\pdf\permissions\class-use\AllPDFPermissions.html" shared="false" uninstallMode="0"/>
<entry name="javadoc\com\qoppa\pdfProcess\package-summary.html" shared="false" uninstallMode="0"/>
<entry name="jre\bin\klist.exe" shared="false" uninstallMode="3"/>
<entry name="jre\bin\zip.dll" shared="false" uninstallMode="3"/>
<entry name="javadoc\com\qoppa\pdfText\PDFText.html" shared="false" uninstallMode="0"/>
<entry name="javadoc\index-files\index-19.html" shared="false" uninstallMode="0"/>
<entry name="jPDFImagesSamples\SampleUtil.java" shared="false" uninstallMode="0"/>
<entry name="javadoc\changes\com.qoppa.pdfProcess.PDFPage.html" shared="false" uninstallMode="0"/>
<entry name="javadoc\com\qoppa\pdf\annotations\Vertices.html" shared="false" uninstallMode="0"/>
<entry name="javadoc\com\qoppa\pdf\annotations\TextMarkup.html" shared="false" uninstallMode="0"/>
<entry name="jPDFProcessSamples\ResizePDFPages.java" shared="false" uninstallMode="0"/>
<entry name="javadoc\com\qoppa\pdf\dom\package-tree.html" shared="false" uninstallMode="0"/>
<entry name="javadoc\changes\alldiffs_index_all.html" shared="false" uninstallMode="0"/>
<entry name="jre\lib\management\snmp.acl.template" shared="false" uninstallMode="3"/>
<entry name="jPDFSecureSamples\ListAllPermissions.java" shared="false" uninstallMode="0"/>
<entry name="jre\bin\sunmscapi.dll" shared="false" uninstallMode="3"/>
<entry name="jre\bin\jsound.dll" shared="false" uninstallMode="3"/>
<entry name="jre\bin\ktab.exe" shared="false" uninstallMode="3"/>
<entry name="jPDFPrintSamples\jPDFPrint16.png" shared="false" uninstallMode="0"/>
<entry name="javadoc\changes\com.qoppa.pdfProcess.PDFGraphics.html" shared="false" uninstallMode="0"/>
<entry name="javadoc\com\qoppa\pdf\class-use\ResizePageOptions.html" shared="false" uninstallMode="0"/>
<entry name="javadoc\index-files\index-18.html" shared="false" uninstallMode="0"/>
<entry name="jre\lib\tzdb.dat" shared="false" uninstallMode="3"/>
<entry name="javadoc\com\qoppa\pdf\annotations\package-use.html" shared="false" uninstallMode="0"/>
<entry name="jPDFProcessSample.vmoptions" shared="false" uninstallMode="0"/>
<entry name="javadoc\com\qoppa\pdf\DocumentEvent.html" shared="false" uninstallMode="0"/>
<entry name="jre\lib\fontconfig.properties.src" shared="false" uninstallMode="3"/>
<entry name="jre\lib\sparc\client\classes.jsa" shared="false" uninstallMode="0"/>
<entry name="javadoc\changes\constructors_index_additions.html" shared="false" uninstallMode="0"/>
<entry name="jre\lib\cmm\sRGB.pf" shared="false" uninstallMode="3"/>
<entry name="jre\THIRDPARTYLICENSEREADME-JAVAFX.txt" shared="false" uninstallMode="3"/>
<entry name="jPDFProcessSamples\FDFFileFilter.java" shared="false" uninstallMode="0"/>
<entry name="javadoc\com\qoppa\pdf\annotations\class-use\Ink.html" shared="false" uninstallMode="0"/>
<entry name="javadoc\com\qoppa\pdf\actions\TriggerActions.html" shared="false" uninstallMode="0"/>
<entry name="javadoc\com\qoppa\ocr\class-use\OCROptions.html" shared="false" uninstallMode="0"/>
<entry name="javadoc\com\qoppa\pdf\annotations\WidgetCombo.html" shared="false" uninstallMode="0"/>
<entry name="javadoc\com\qoppa\pdf\form\class-use\FormField.html" shared="false" uninstallMode="0"/>
<entry name="jre\bin\fxplugins.dll" shared="false" uninstallMode="3"/>
<entry name="javadoc\com\qoppa\pdf\annotations\WidgetList.html" shared="false" uninstallMode="0"/>
<entry name="jPDFSecureSamples\PermissionsDialog.java" shared="false" uninstallMode="0"/>
<entry name="jre\lib\ext\jfxrt.jar" shared="false" uninstallMode="3"/>
<entry name="javadoc\com\qoppa\pdf\annotations\GestureList.html" shared="false" uninstallMode="0"/>
<entry name="jre\lib\ext\access-bridge-64.jar" shared="false" uninstallMode="3"/>
<entry name="lib\jai_codec.jar" shared="false" uninstallMode="0"/>
<entry name="javadoc\com\qoppa\pdfAssemble\package-frame.html" shared="false" uninstallMode="0"/>
<entry name="javadoc\index-files\index-6.html" shared="false" uninstallMode="0"/>
<entry name="javadoc\changes\com.qoppa.pdfAssemble.PDFAssemble.html" shared="false" uninstallMode="0"/>
<entry name="javadoc\changes\com.qoppa.pdf.dom.IPDFPage.html" shared="false" uninstallMode="0"/>
<entry name="javadoc\com\qoppa\pdfPrint\class-use\PDFPrint.html" shared="false" uninstallMode="0"/>
<entry name="jre\lib\charsets.jar" shared="false" uninstallMode="3"/>
<entry name="jPDFPrintSamples\MultiPrintPageable.java" shared="false" uninstallMode="0"/>
<entry name="javadoc\com\qoppa\pdf\source\PDFContent.html" shared="false" uninstallMode="0"/>
<entry name="jre\bin\glib-lite.dll" shared="false" uninstallMode="3"/>
<entry name="javadoc\com\qoppa\pdfSecure\PDFSecure.html" shared="false" uninstallMode="0"/>
<entry name="jPDFProcessSamples\RedactionApplyBurn.java" shared="false" uninstallMode="0"/>
<entry name="jPDFTextSamples\ExtractTextByPage.java" shared="false" uninstallMode="0"/>
<entry name="javadoc\com\qoppa\pdf\settings\ImageCompression.html" shared="false" uninstallMode="0"/>
<entry name=".install4j\i4j_extf_3_rcdnpi.utf8" shared="false" uninstallMode="2"/>
<entry name="jPDFFieldsSamples\SampleUtil.java" shared="false" uninstallMode="0"/>
<entry name="javadoc\com\qoppa\pdfFields\class-use\PDFFields.KeyInfoFields.html" shared="false" uninstallMode="0"/>
<entry name="javadoc\com\qoppa\pdf\form\class-use\TextField.html" shared="false" uninstallMode="0"/>
<entry name="javadoc\changes\com.qoppa.pdf.PDFRenderHints.html" shared="false" uninstallMode="0"/>
<entry name="jre\lib\ext\jaccess.jar" shared="false" uninstallMode="3"/>
<entry name="jre\lib\deploy\messages_zh_CN.properties" shared="false" uninstallMode="3"/>
<entry name="jPDFAssembleSamples\PDFAssemblePanel.java" shared="false" uninstallMode="0"/>
<entry name="javadoc\com\qoppa\pdf\annotations\UnrecognizedAnnotation.html" shared="false" uninstallMode="0"/>
<entry name="jre\bin\javafx_font_t2k.dll" shared="false" uninstallMode="3"/>
<entry name="jPDFProcessSamples\CustomSignature.java" shared="false" uninstallMode="0"/>
<entry name="javadoc\index-files\index-7.html" shared="false" uninstallMode="0"/>
<entry name="javadoc\com\qoppa\pdf\JavaScriptEnabler.html" shared="false" uninstallMode="0"/>
<entry name="jre\bin\eula.dll" shared="false" uninstallMode="3"/>
<entry name=".install4j\i4jdel.exe" shared="false" uninstallMode="0"/>
<entry name="javadoc\com\qoppa\pdf\annotations\IAnnotationFactory.html" shared="false" uninstallMode="0"/>
<entry name="jPDFSecureSamples\PDFSecureFrame.java" shared="false" uninstallMode="0"/>
<entry name=".install4j\i4j_extf_0_rcdnpi.utf8" shared="false" uninstallMode="2"/>
<entry name=".install4j\i4j_extf_2_rcdnpi.utf8" shared="false" uninstallMode="2"/>
<entry name="jPDFProcessSamples\SearchAndAddLinks.java" shared="false" uninstallMode="0"/>
<entry name=".install4j\i4j_extf_1_rcdnpi.utf8" shared="false" uninstallMode="2"/>
<entry name="javadoc\com\qoppa\pdf\class-use\PDFPasswordException.html" shared="false" uninstallMode="0"/>
<entry name="jPDFProcessSamples\PDFToTIFF.java" shared="false" uninstallMode="0"/>
<entry name="javadoc\com\qoppa\pdf\class-use\TextPosition.html" shared="false" uninstallMode="0"/>
<entry name="jPDFProcessSamples\htmlToPDF\QHTMLDocument.java" shared="false" uninstallMode="0"/>
<entry name="javadoc\com\qoppa\pdf\actions\JSAction.html" shared="false" uninstallMode="0"/>
<entry name="jPDFPrintSamples\MultiPrintApplet.java" shared="false" uninstallMode="0"/>
<entry name="jPDFFieldsSamples\PDFFieldsApplet.java" shared="false" uninstallMode="0"/>
<entry name="jPDFProcessSamples\htmlToPDF\DocRenderer.java" shared="false" uninstallMode="0"/>
<entry name="javadoc\com\qoppa\pdf\actions\NamedAction.html" shared="false" uninstallMode="0"/>
<entry name="javadoc\changes\pkg_com.qoppa.pdf.annotations.html" shared="false" uninstallMode="0"/>
<entry name="javadoc\com\qoppa\pdf\annotations\WidgetSignature.html" shared="false" uninstallMode="0"/>
<entry name="javadoc\overview-frame.html" shared="false" uninstallMode="0"/>
<entry name="javadoc\changes\methods_index_additions.html" shared="false" uninstallMode="0"/>
<entry name="javadoc\com\qoppa\pdfProcess\PDFDocument.KeyInfoProcess.html" shared="false" uninstallMode="0"/>
<entry name="jre\bin\java_crw_demo.dll" shared="false" uninstallMode="3"/>
<entry name="javadoc\com\qoppa\pdf\PageLabels.html" shared="false" uninstallMode="0"/>
<entry name="jre\lib\hijrah-config-umalqura.properties" shared="false" uninstallMode="3"/>
<entry name="javadoc\com\qoppa\pdf\package-summary.html" shared="false" uninstallMode="0"/>
<entry name="javadoc\com\qoppa\pdf\settings\package-tree.html" shared="false" uninstallMode="0"/>
<entry name="javadoc\changes\fields_index_removals.html" shared="false" uninstallMode="0"/>
<entry name="javadoc\index-files\index-11.html" shared="false" uninstallMode="0"/>
<entry name="javadoc\stylesheet.css" shared="false" uninstallMode="0"/>
<entry name="jPDFImagesSamples\PDFToColorSpaceImages.java" shared="false" uninstallMode="0"/>
<entry name="javadoc\constant-values.html" shared="false" uninstallMode="0"/>
<entry name="jPDFAssembleSamples\PDFAssembleFrame.java" shared="false" uninstallMode="0"/>
<entry name="jPDFProcessSample.exe" shared="false" uninstallMode="0"/>
<entry name="javadoc\com\qoppa\pdf\annotations\class-use\AnnotationSettings.html" shared="false" uninstallMode="0"/>
<entry name="javadoc\overview-summary.html" shared="false" uninstallMode="0"/>
<entry name="jre\lib\ext\meta-index" shared="false" uninstallMode="3"/>
<entry name="jPDFImagesSamples\jPDFImages16.gif" shared="false" uninstallMode="0"/>
<entry name="javadoc\com\qoppa\pdf\annotations\class-use\RichMedia.html" shared="false" uninstallMode="0"/>
<entry name="jre\lib\fonts\LucidaBrightRegular.ttf" shared="false" uninstallMode="3"/>
<entry name="jPDFProcessSamples\AddTextHighlight.java" shared="false" uninstallMode="0"/>
<entry name="jre\lib\deploy\messages_ja.properties" shared="false" uninstallMode="3"/>
<entry name="jre\lib\deploy\messages_sv.properties" shared="false" uninstallMode="3"/>
<entry name="jre\lib\images\cursors\win32_MoveDrop32x32.gif" shared="false" uninstallMode="3"/>
<entry name="lib\jPDFProcess.jar" shared="false" uninstallMode="0"/>
<entry name="jPDFPrintSamples\pdftops\PDFToPSCLI.java" shared="false" uninstallMode="0"/>
<entry name="javadoc\com\qoppa\pdf\resources\IFontResource.html" shared="false" uninstallMode="0"/>
<entry name="jPDFProcessSamples\cli\PDFFunction_ConvertToTIFF.java" shared="false" uninstallMode="0"/>
<entry name="javadoc\com\qoppa\pdf\actions\GotoPageRemoteAction.html" shared="false" uninstallMode="0"/>
<entry name="lib\BouncyCastle.txt" shared="false" uninstallMode="0"/>
<entry name="javadoc\com\qoppa\pdf\permissions\DocMDPPermissions.html" shared="false" uninstallMode="0"/>
<entry name="javadoc\com\qoppa\pdf\annotations\class-use\TextMarkup.html" shared="false" uninstallMode="0"/>
<entry name="javadoc\index.html" shared="false" uninstallMode="0"/>
<entry name="jPDFPrintSamples\jPDFPrint32.png" shared="false" uninstallMode="0"/>
<entry name="jPDFSecureSamples\ChooseSignatureController.java" shared="false" uninstallMode="0"/>
<entry name="javadoc\com\qoppa\pdf\EmbedFileOptions.html" shared="false" uninstallMode="0"/>
<entry name="jPDFTextSamples\jPDFText32.png" shared="false" uninstallMode="0"/>
<entry name="javadoc\changes\com.qoppa.pdf.annotations.FreeText.html" shared="false" uninstallMode="0"/>
<entry name="jre\bin\splashscreen.dll" shared="false" uninstallMode="3"/>
<entry name="jre\lib\ext\cldrdata.jar" shared="false" uninstallMode="3"/>
<entry name="javadoc\changes\com.qoppa.pdf.permissions.AllPDFPermissions.html" shared="false" uninstallMode="0"/>
<entry name="jPDFPrintSamples\SimplePrint.java" shared="false" uninstallMode="0"/>
<entry name="jPDFProcessSamples\SetPermissions.java" shared="false" uninstallMode="0"/>
<entry name="javadoc\changes\com.qoppa.pdf.form.PushButtonField.html" shared="false" uninstallMode="0"/>
<entry name="jre\COPYRIGHT" shared="false" uninstallMode="3"/>
<entry name="jre\bin\awt.dll" shared="false" uninstallMode="3"/>
<entry name="jre\lib\fonts\LucidaTypewriterRegular.ttf" shared="false" uninstallMode="3"/>
<entry name="jPDFProcessSamples\AddTOC.java" shared="false" uninstallMode="0"/>
<entry name="jPDFAssembleSamples\SimpleCreateBookmarks.java" shared="false" uninstallMode="0"/>
<entry name="javadoc\resources\tab.gif" shared="false" uninstallMode="0"/>
<entry name="javadoc\index-files\index-25.html" shared="false" uninstallMode="0"/>
<entry name="jPDFAssembleSamples\SimpleMerge.java" shared="false" uninstallMode="0"/>
<entry name="javadoc\com\qoppa\pdf\permissions\AllPDFPermissions.html" shared="false" uninstallMode="0"/>
<entry name="jPDFImagesSamples\PDFToBufferedImages.java" shared="false" uninstallMode="0"/>
<entry name="javadoc\com\qoppa\pdf\dom\package-use.html" shared="false" uninstallMode="0"/>
<entry name="javadoc\changes\pkg_com.qoppa.pdf.dom.html" shared="false" uninstallMode="0"/>
<entry name="javadoc\com\qoppa\pdf\annotations\WatermarkAnnotation.html" shared="false" uninstallMode="0"/>
<entry name="jPDFTextSamples\PwdDialog.java" shared="false" uninstallMode="0"/>
<entry name="javadoc\com\qoppa\pdf\form\CheckBoxField.html" shared="false" uninstallMode="0"/>
<entry name="javadoc\com\qoppa\pdf\resources\IImageResource.html" shared="false" uninstallMode="0"/>
<entry name="javadoc\com\qoppa\pdf\settings\class-use\ImageColorSpace.html" shared="false" uninstallMode="0"/>
<entry name="javadoc\index-files\index-3.html" shared="false" uninstallMode="0"/>
<entry name="jre\bin\net.dll" shared="false" uninstallMode="3"/>
<entry name="javadoc\com\qoppa\pdf\PrintSettings.html" shared="false" uninstallMode="0"/>
<entry name="javadoc\com\qoppa\pdf\errors\package-summary.html" shared="false" uninstallMode="0"/>
<entry name="javadoc\com\qoppa\pdf\source\package-tree.html" shared="false" uninstallMode="0"/>
<entry name="javadoc\changes\com.qoppa.pdf.DocumentInfo.html" shared="false" uninstallMode="0"/>
<entry name="javadoc\com\qoppa\pdf\actions\class-use\Action.html" shared="false" uninstallMode="0"/>
<entry name="javadoc\com\qoppa\pdf\SignatureAppearance.html" shared="false" uninstallMode="0"/>
<entry name="jre\bin\glass.dll" shared="false" uninstallMode="3"/>
<entry name="jPDFFieldsSamples\jPDFFields16.png" shared="false" uninstallMode="0"/>
<entry name="javadoc\com\qoppa\ocr\package-use.html" shared="false" uninstallMode="0"/>
<entry name="javadoc\com\qoppa\pdf\permissions\UsageRightsPermissions.html" shared="false" uninstallMode="0"/>
<entry name="jre\bin\rmid.exe" shared="false" uninstallMode="3"/>
<entry name="javadoc\com\qoppa\pdfText\class-use\PDFText.KeyInfoText.html" shared="false" uninstallMode="0"/>
<entry name="jPDFPrintSamples\AutoPrintApplet.java" shared="false" uninstallMode="0"/>
<entry name="jPDFTextSamples\PDFTextFrame.java" shared="false" uninstallMode="0"/>
<entry name="javadoc\com\qoppa\pdf\permissions\class-use\DocMDPPermissions.html" shared="false" uninstallMode="0"/>
<entry name="javadoc\com\qoppa\ocr\OCROptions.html" shared="false" uninstallMode="0"/>
<entry name="jPDFProcessSamples\SampleUtil.java" shared="false" uninstallMode="0"/>
<entry name="javadoc\changes\constructors_index_changes.html" shared="false" uninstallMode="0"/>
<entry name="javadoc\com\qoppa\pdfAssemble\package-summary.html" shared="false" uninstallMode="0"/>
<entry name="javadoc\com\qoppa\pdf\PDFPassword.html" shared="false" uninstallMode="0"/>
<entry name="jre\bin\dcpr.dll" shared="false" uninstallMode="3"/>
<entry name="javadoc\changes\constructors_index_removals.html" shared="false" uninstallMode="0"/>
<entry name="jPDFProcessSamples\SearchAndRedact.java" shared="false" uninstallMode="0"/>
<entry name="javadoc\com\qoppa\pdf\annotations\RichMedia.html" shared="false" uninstallMode="0"/>
<entry name="javadoc\com\qoppa\pdf\errors\package-frame.html" shared="false" uninstallMode="0"/>
<entry name="javadoc\com\qoppa\ocr\package-tree.html" shared="false" uninstallMode="0"/>
<entry name="jPDFTextSamples\SampleUtil.java" shared="false" uninstallMode="0"/>
<entry name="javadoc\changes\pkg_com.qoppa.pdf.form.html" shared="false" uninstallMode="0"/>
<entry name="jre\lib\amd64\client\classes.jsa" shared="false" uninstallMode="0"/>
<entry name="javadoc\com\qoppa\pdf\actions\SubmitFormAction.html" shared="false" uninstallMode="0"/>
<entry name="lib\jai_imageio.jar" shared="false" uninstallMode="0"/>
<entry name="jre\release" shared="false" uninstallMode="3"/>
<entry name="jPDFImagesSamples\jPDFImages32.png" shared="false" uninstallMode="0"/>
<entry name="jPDFPrintSamples\PrintWithAttributes.java" shared="false" uninstallMode="0"/>
<entry name="jPDFProcessSamples\ClearDeleteSignatures.java" shared="false" uninstallMode="0"/>
<entry name="javadoc\changes\packages_index_all.html" shared="false" uninstallMode="0"/>
<entry name="javadoc\com\qoppa\pdf\class-use\IDocumentListener.html" shared="false" uninstallMode="0"/>
<entry name="jPDFProcessSamples\AddBackgroundImage.java" shared="false" uninstallMode="0"/>
<entry name="jPDFSecureSamples\ClearSecurity.java" shared="false" uninstallMode="0"/>
<entry name="javadoc\com\qoppa\pdf\TextPositionWithContext.html" shared="false" uninstallMode="0"/>
<entry name="javadoc\com\qoppa\pdf\permissions\IPDFPermissions.html" shared="false" uninstallMode="0"/>
<entry name="jPDFPrintSamples\PDFPrintCLI.java" shared="false" uninstallMode="0"/>
<entry name="javadoc\index-files\index-12.html" shared="false" uninstallMode="0"/>
<entry name="jre\bin\keytool.exe" shared="false" uninstallMode="3"/>
<entry name="jre\bin\prism_common.dll" shared="false" uninstallMode="3"/>
<entry name="javadoc\com\qoppa\pdfFields\class-use\PDFFields.html" shared="false" uninstallMode="0"/>
<entry name="javadoc\allclasses-noframe.html" shared="false" uninstallMode="0"/>
<entry name="javadoc\com\qoppa\pdf\IEmbeddedFile.html" shared="false" uninstallMode="0"/>
<entry name="jre\bin\jjs.exe" shared="false" uninstallMode="3"/>
<entry name="javadoc\changes\fields_index_all.html" shared="false" uninstallMode="0"/>
<entry name="javadoc\com\qoppa\pdf\actions\Action.html" shared="false" uninstallMode="0"/>
<entry name="javadoc\com\qoppa\pdf\permissions\class-use\UsageRightsPermissions.html" shared="false" uninstallMode="0"/>
<entry name="javadoc\com\qoppa\pdf\dom\package-frame.html" shared="false" uninstallMode="0"/>
<entry name="jre\lib\deploy\messages_zh_HK.properties" shared="false" uninstallMode="3"/>
<entry name="javadoc\com\qoppa\pdf\actions\HideShowAction.html" shared="false" uninstallMode="0"/>
<entry name="jPDFAssembleSamples\SampleUtil.java" shared="false" uninstallMode="0"/>
<entry name="javadoc\changes\packages_index_additions.html" shared="false" uninstallMode="0"/>
<entry name="javadoc\com\qoppa\pdf\permissions\class-use\SignaturePermissions.html" shared="false" uninstallMode="0"/>
<entry name="jre\lib\meta-index" shared="false" uninstallMode="3"/>
<entry name="jPDFSecureSamples\EncryptionDialogController.java" shared="false" uninstallMode="0"/>
<entry name=".install4j\autoUninstall.1" shared="false" uninstallMode="0"/>
<entry name="javadoc\com\qoppa\ocr\OCRBridge.html" shared="false" uninstallMode="0"/>
<entry name="javadoc\com\qoppa\pdfSecure\package-summary.html" shared="false" uninstallMode="0"/>
<entry name="javadoc\com\qoppa\pdf\form\package-use.html" shared="false" uninstallMode="0"/>
<entry name="jre\lib\deploy\messages_zh_TW.properties" shared="false" uninstallMode="3"/>
<entry name="jPDFTextSamples\GetWordList.java" shared="false" uninstallMode="0"/>
<entry name="javadoc\com\qoppa\pdf\annotations\IFlattener.html" shared="false" uninstallMode="0"/>
<entry name="javadoc\com\qoppa\pdf\annotations\Line.html" shared="false" uninstallMode="0"/>
<entry name="jre\lib\sound.properties" shared="false" uninstallMode="3"/>
<entry name="jPDFFieldsSamples\ImportXDP.java" shared="false" uninstallMode="0"/>
<entry name="jre\bin\JavaAccessBridge-64.dll" shared="false" uninstallMode="3"/>
<entry name="javadoc\com\qoppa\pdfAssemble\package-tree.html" shared="false" uninstallMode="0"/>
<entry name="javadoc\com\qoppa\pdf\annotations\package-frame.html" shared="false" uninstallMode="0"/>
<entry name="jPDFPrintSamples\JSPrint.java" shared="false" uninstallMode="0"/>
<entry name="jre\lib\jvm.hprof.txt" shared="false" uninstallMode="3"/>
<entry name="javadoc\com\qoppa\pdfProcess\class-use\PDFDocument.html" shared="false" uninstallMode="0"/>
<entry name="javadoc\com\qoppa\pdf\source\URLOnDemandPDFSource.html" shared="false" uninstallMode="0"/>
<entry name="jPDFProcessSamples\htmlToPDF\QHTMLViewFactory.java" shared="false" uninstallMode="0"/>
<entry name="jPDFFieldsSamples\CustomFileFilter.java" shared="false" uninstallMode="0"/>
<entry name="javadoc\com\qoppa\pdf\class-use\PDFException.html" shared="false" uninstallMode="0"/>
<entry name="javadoc\index-files\index-21.html" shared="false" uninstallMode="0"/>
<entry name="jre\lib\net.properties" shared="false" uninstallMode="3"/>
<entry name="javadoc\com\qoppa\pdf\source\package-summary.html" shared="false" uninstallMode="0"/>
<entry name="javadoc\com\qoppa\pdf\TextSelection.html" shared="false" uninstallMode="0"/>
<entry name="javadoc\com\qoppa\pdf\actions\SetOCGState.html" shared="false" uninstallMode="0"/>
<entry name="javadoc\com\qoppa\ocr\package-frame.html" shared="false" uninstallMode="0"/>
<entry name="javadoc\com\qoppa\pdfText\package-frame.html" shared="false" uninstallMode="0"/>
<entry name="jPDFTextSamples\ExtractAllText.java" shared="false" uninstallMode="0"/>
<entry name="javadoc\changes\classes_index_all.html" shared="false" uninstallMode="0"/>
<entry name="javadoc\com\qoppa\pdf\annotations\AnnotationReviewStatus.html" shared="false" uninstallMode="0"/>
<entry name="javadoc\com\qoppa\pdf\class-use\IdentityProperties.html" shared="false" uninstallMode="0"/>
<entry name="javadoc\com\qoppa\pdf\resources\package-tree.html" shared="false" uninstallMode="0"/>
<entry name="javadoc\package-list" shared="false" uninstallMode="0"/>
<entry name="jPDFImagesSamples\PDFToPNG.java" shared="false" uninstallMode="0"/>
<entry name="jre\lib\cmm\CIEXYZ.pf" shared="false" uninstallMode="3"/>
<entry name="javadoc\com\qoppa\pdf\TimestampServer.html" shared="false" uninstallMode="0"/>
<entry name="javadoc\com\qoppa\pdfFields\package-summary.html" shared="false" uninstallMode="0"/>
<entry name="jre\bin\dt_socket.dll" shared="false" uninstallMode="3"/>
<entry name="javadoc\com\qoppa\pdf\LayerListener.html" shared="false" uninstallMode="0"/>
<entry name="javadoc\com\qoppa\pdf\LocalFont.html" shared="false" uninstallMode="0"/>
<entry name="javadoc\com\qoppa\ocr\class-use\OCRBridge.html" shared="false" uninstallMode="0"/>
<entry name="javadoc\com\qoppa\pdfFields\package-frame.html" shared="false" uninstallMode="0"/>
<entry name="jPDFProcessSamples\SimplePrintWithPrintListener.java" shared="false" uninstallMode="0"/>
<entry name="javadoc\com\qoppa\pdf\annotations\Ink.html" shared="false" uninstallMode="0"/>
<entry name="jre\bin\server\classes.jsa" shared="false" uninstallMode="0"/>
<entry name="javadoc\com\qoppa\pdf\annotations\Square.html" shared="false" uninstallMode="0"/>
<entry name="javadoc\com\qoppa\pdf\IWatermark.html" shared="false" uninstallMode="0"/>
<entry name="jre\bin\msvcr100.dll" shared="false" uninstallMode="3"/>
<entry name="jre\bin\instrument.dll" shared="false" uninstallMode="3"/>
<entry name="javadoc\com\qoppa\pdf\Layer.html" shared="false" uninstallMode="0"/>
<entry name="javadoc\com\qoppa\pdf\source\class-use\ByteArrayPDFSource.html" shared="false" uninstallMode="0"/>
<entry name="jPDFPrintSamples\PDFToPS.java" shared="false" uninstallMode="0"/>
<entry name="jPDFProcessSamples\ant\PDFToImage.java" shared="false" uninstallMode="0"/>
<entry name="javadoc\com\qoppa\pdf\annotations\class-use\UnrecognizedAnnotation.html" shared="false" uninstallMode="0"/>
<entry name="javadoc\com\qoppa\pdf\actions\package-summary.html" shared="false" uninstallMode="0"/>
<entry name="javadoc\com\qoppa\pdf\class-use\TextPositionWithContext.html" shared="false" uninstallMode="0"/>
<entry name="javadoc\user_comments_for_v2018R1_to_v2019R1.xml" shared="false" uninstallMode="0"/>
<entry name="javadoc\com\qoppa\pdf\class-use\IWatermark.html" shared="false" uninstallMode="0"/>
<entry name="jre\lib\images\cursors\win32_LinkDrop32x32.gif" shared="false" uninstallMode="3"/>
<entry name="jPDFTextSamples\FindText.java" shared="false" uninstallMode="0"/>
<entry name="javadoc\com\qoppa\ocr\class-use\OCRException.html" shared="false" uninstallMode="0"/>
<entry name="javadoc\com\qoppa\pdf\class-use\PDFRenderHints.html" shared="false" uninstallMode="0"/>
<entry name="javadoc\com\qoppa\pdf\class-use\SignatureSettings.html" shared="false" uninstallMode="0"/>
<entry name="jPDFTextSamples\GetLinesAndPositions.java" shared="false" uninstallMode="0"/>
<entry name="javadoc\index-files\index-22.html" shared="false" uninstallMode="0"/>
<entry name="jPDFProcessSamples\CreateLayers.java" shared="false" uninstallMode="0"/>
<entry name="javadoc\com\qoppa\pdfImages\class-use\PDFImages.KeyInfoImages.html" shared="false" uninstallMode="0"/>
<entry name="javadoc\com\qoppa\pdf\source\RAFilePDFSource.html" shared="false" uninstallMode="0"/>
<entry name="jPDFPrintSamples\MyPrintable.java" shared="false" uninstallMode="0"/>
<entry name="jPDFProcessSamples\PDFProcessFrame.java" shared="false" uninstallMode="0"/>
<entry name="javadoc\com\qoppa\pdf\permissions\SignaturePermissions.html" shared="false" uninstallMode="0"/>
<entry name="jPDFProcessSamples\cli\CLIException.java" shared="false" uninstallMode="0"/>
<entry name="javadoc\com\qoppa\pdf\annotations\class-use\WatermarkAnnotation.html" shared="false" uninstallMode="0"/>
<entry name="javadoc\com\qoppa\pdf\annotations\WidgetButton.html" shared="false" uninstallMode="0"/>
<entry name="javadoc\com\qoppa\pdfPrint\package-summary.html" shared="false" uninstallMode="0"/>
<entry name="javadoc\com\qoppa\pdf\annotations\class-use\Square.html" shared="false" uninstallMode="0"/>
<entry name="javadoc\com\qoppa\pdf\class-use\Bookmark.html" shared="false" uninstallMode="0"/>
<entry name="javadoc\com\qoppa\pdf\dom\class-use\IPDFPage.html" shared="false" uninstallMode="0"/>
<entry name="jre\bin\jabswitch.exe" shared="false" uninstallMode="3"/>
<entry name="javadoc\com\qoppa\pdfSecure\package-frame.html" shared="false" uninstallMode="0"/>
<entry name="javadoc\com\qoppa\pdf\actions\URLAction.html" shared="false" uninstallMode="0"/>
<entry name="javadoc\com\qoppa\pdf\errors\package-use.html" shared="false" uninstallMode="0"/>
<entry name="javadoc\changes\classes_index_additions.html" shared="false" uninstallMode="0"/>
<entry name="javadoc\changes\packages_index_changes.html" shared="false" uninstallMode="0"/>
<entry name="javadoc\com\qoppa\pdfProcess\class-use\PDFPage.html" shared="false" uninstallMode="0"/>
<entry name="javadoc\com\qoppa\pdf\annotations\IAnnotationManager.html" shared="false" uninstallMode="0"/>
<entry name="javadoc\com\qoppa\pdf\class-use\IEmbeddedFile.html" shared="false" uninstallMode="0"/>
<entry name="javadoc\com\qoppa\pdf\annotations\ShapeAnnotation.html" shared="false" uninstallMode="0"/>
<entry name="jre\lib\security\trusted.libraries" shared="false" uninstallMode="3"/>
<entry name="jre\lib\jfr\default.jfc" shared="false" uninstallMode="3"/>
<entry name="javadoc\com\qoppa\pdfProcess\package-use.html" shared="false" uninstallMode="0"/>
<entry name=".install4j\i4jinst.dll" shared="false" uninstallMode="0"/>
<entry name="javadoc\com\qoppa\pdf\resources\package-use.html" shared="false" uninstallMode="0"/>
<entry name="javadoc\com\qoppa\pdf\SignatureSettings.html" shared="false" uninstallMode="0"/>
<entry name="jre\lib\i386\server\classes.jsa" shared="false" uninstallMode="0"/>
<entry name="jre\bin\javafx_font.dll" shared="false" uninstallMode="3"/>
<entry name="jPDFAssembleSamples\PDFFileFilter.java" shared="false" uninstallMode="0"/>
<entry name="jPDFProcessSamples\ExtractText.java" shared="false" uninstallMode="0"/>
<entry name="javadoc\com\qoppa\pdf\package-tree.html" shared="false" uninstallMode="0"/>
<entry name="javadoc\com\qoppa\pdf\class-use\IWindowHandler.html" shared="false" uninstallMode="0"/>
<entry name="javadoc\com\qoppa\pdf\source\class-use\PDFContent.html" shared="false" uninstallMode="0"/>
<entry name="jre\lib\images\cursors\cursors.properties" shared="false" uninstallMode="3"/>
<entry name="jPDFFieldsSamples\PDFFieldsSample.java" shared="false" uninstallMode="0"/>
<entry name="javadoc\com\qoppa\pdf\form\ChoiceField.html" shared="false" uninstallMode="0"/>
<entry name="jre\bin\lcms.dll" shared="false" uninstallMode="3"/>
<entry name="jre\bin\bci.dll" shared="false" uninstallMode="3"/>
<entry name="javadoc\com\qoppa\pdf\annotations\class-use\RubberStamp.html" shared="false" uninstallMode="0"/>
<entry name="jPDFProcessSamples\InputDialogController.java" shared="false" uninstallMode="0"/>
<entry name="javadoc\com\qoppa\pdfProcess\PDFPage.html" shared="false" uninstallMode="0"/>
<entry name="jre\bin\ssv.dll" shared="false" uninstallMode="3"/>
<entry name="jre\bin\policytool.exe" shared="false" uninstallMode="3"/>
<entry name="javadoc\com\qoppa\pdfAssemble\PDFAssemble.KeyInfoAssemble.html" shared="false" uninstallMode="0"/>
<entry name="javadoc\com\qoppa\pdf\actions\IPDFActionHandler.html" shared="false" uninstallMode="0"/>
</createdFiles>
<createdDirs>
<entry name="lib" shared="false" uninstallMode="0"/>
<entry name="jre\lib\security" shared="false" uninstallMode="3"/>
<entry name="jre\lib\management" shared="false" uninstallMode="3"/>
<entry name="jre\lib\jfr" shared="false" uninstallMode="3"/>
<entry name="jre\lib\images\cursors" shared="false" uninstallMode="3"/>
<entry name="jre\lib\images" shared="false" uninstallMode="3"/>
<entry name="jre\lib\fonts" shared="false" uninstallMode="3"/>
<entry name="jre\lib\ext" shared="false" uninstallMode="3"/>
<entry name="jre\lib\deploy" shared="false" uninstallMode="3"/>
<entry name="jre\lib\cmm" shared="false" uninstallMode="3"/>
<entry name="jre\lib\applet" shared="false" uninstallMode="3"/>
<entry name="jre\lib\amd64" shared="false" uninstallMode="3"/>
<entry name="jre\lib" shared="false" uninstallMode="3"/>
<entry name="jre\bin\server" shared="false" uninstallMode="3"/>
<entry name="jre\bin" shared="false" uninstallMode="3"/>
<entry name="jre" shared="false" uninstallMode="3"/>
<entry name="jPDFTextSamples" shared="false" uninstallMode="0"/>
<entry name="jPDFSecureSamples" shared="false" uninstallMode="0"/>
<entry name="jPDFProcessSamples\htmlToPDF" shared="false" uninstallMode="0"/>
<entry name="jPDFProcessSamples\cli" shared="false" uninstallMode="0"/>
<entry name="jPDFProcessSamples\ant" shared="false" uninstallMode="0"/>
<entry name="jPDFProcessSamples" shared="false" uninstallMode="0"/>
<entry name="jPDFPrintSamples\pdftops" shared="false" uninstallMode="0"/>
<entry name="jPDFPrintSamples" shared="false" uninstallMode="0"/>
<entry name="jPDFImagesSamples" shared="false" uninstallMode="0"/>
<entry name="jPDFFieldsSamples" shared="false" uninstallMode="0"/>
<entry name="jPDFAssembleSamples" shared="false" uninstallMode="0"/>
<entry name="javadoc\resources" shared="false" uninstallMode="0"/>
<entry name="javadoc\index-files" shared="false" uninstallMode="0"/>
<entry name="javadoc\com\qoppa\pdfText\class-use" shared="false" uninstallMode="0"/>
<entry name="javadoc\com\qoppa\pdfText" shared="false" uninstallMode="0"/>
<entry name="javadoc\com\qoppa\pdfSecure\class-use" shared="false" uninstallMode="0"/>
<entry name="javadoc\com\qoppa\pdfSecure" shared="false" uninstallMode="0"/>
<entry name="javadoc\com\qoppa\pdfProcess\class-use" shared="false" uninstallMode="0"/>
<entry name="javadoc\com\qoppa\pdfProcess" shared="false" uninstallMode="0"/>
<entry name="javadoc\com\qoppa\pdfPrint\class-use" shared="false" uninstallMode="0"/>
<entry name="javadoc\com\qoppa\pdfPrint" shared="false" uninstallMode="0"/>
<entry name="javadoc\com\qoppa\pdfImages\class-use" shared="false" uninstallMode="0"/>
<entry name="javadoc\com\qoppa\pdfImages" shared="false" uninstallMode="0"/>
<entry name="javadoc\com\qoppa\pdfFields\class-use" shared="false" uninstallMode="0"/>
<entry name="javadoc\com\qoppa\pdfFields" shared="false" uninstallMode="0"/>
<entry name="javadoc\com\qoppa\pdfAssemble\class-use" shared="false" uninstallMode="0"/>
<entry name="javadoc\com\qoppa\pdfAssemble" shared="false" uninstallMode="0"/>
<entry name="javadoc\com\qoppa\pdf\source\class-use" shared="false" uninstallMode="0"/>
<entry name="javadoc\com\qoppa\pdf\source" shared="false" uninstallMode="0"/>
<entry name="javadoc\com\qoppa\pdf\settings\class-use" shared="false" uninstallMode="0"/>
<entry name="javadoc\com\qoppa\pdf\settings" shared="false" uninstallMode="0"/>
<entry name="javadoc\com\qoppa\pdf\resources\class-use" shared="false" uninstallMode="0"/>
<entry name="javadoc\com\qoppa\pdf\resources" shared="false" uninstallMode="0"/>
<entry name="javadoc\com\qoppa\pdf\permissions\class-use" shared="false" uninstallMode="0"/>
<entry name="javadoc\com\qoppa\pdf\permissions" shared="false" uninstallMode="0"/>
<entry name="javadoc\com\qoppa\pdf\form\class-use" shared="false" uninstallMode="0"/>
<entry name="javadoc\com\qoppa\pdf\form" shared="false" uninstallMode="0"/>
<entry name="javadoc\com\qoppa\pdf\errors\class-use" shared="false" uninstallMode="0"/>
<entry name="javadoc\com\qoppa\pdf\errors" shared="false" uninstallMode="0"/>
<entry name="javadoc\com\qoppa\pdf\dom\class-use" shared="false" uninstallMode="0"/>
<entry name="javadoc\com\qoppa\pdf\dom" shared="false" uninstallMode="0"/>
<entry name="javadoc\com\qoppa\pdf\class-use" shared="false" uninstallMode="0"/>
<entry name="javadoc\com\qoppa\pdf\annotations\class-use" shared="false" uninstallMode="0"/>
<entry name="javadoc\com\qoppa\pdf\annotations" shared="false" uninstallMode="0"/>
<entry name="javadoc\com\qoppa\pdf\actions\class-use" shared="false" uninstallMode="0"/>
<entry name="javadoc\com\qoppa\pdf\actions" shared="false" uninstallMode="0"/>
<entry name="javadoc\com\qoppa\pdf" shared="false" uninstallMode="0"/>
<entry name="javadoc\com\qoppa\ocr\class-use" shared="false" uninstallMode="0"/>
<entry name="javadoc\com\qoppa\ocr" shared="false" uninstallMode="0"/>
<entry name="javadoc\com\qoppa" shared="false" uninstallMode="0"/>
<entry name="javadoc\com" shared="false" uninstallMode="0"/>
<entry name="javadoc\changes" shared="false" uninstallMode="0"/>
<entry name="javadoc" shared="false" uninstallMode="0"/>
<entry name="fonts" shared="false" uninstallMode="0"/>
<entry name=".install4j" shared="false" uninstallMode="0"/>
<entry name="." shared="false" uninstallMode="0"/>
<entry name="C:\ProgramData\Microsoft\Windows\Start Menu\Programs\jPDFProcess" shared="false" uninstallMode="0"/>
</createdDirs>
</fileLog>
